2017-07-23 23:48:18.014  INFO 7508 --- [main] s.controller.SpringBootWebApplication    : Starting SpringBootWebApplication on pinku-pc with PID 7508 (C:\Users\pinku\eclipse-workspace\summertag\bin started by pinku in C:\Users\pinku\eclipse-workspace\summertag)
2017-07-23 23:48:18.017  INFO 7508 --- [main] s.controller.SpringBootWebApplication    : No active profile set, falling back to default profiles: default
2017-07-23 23:48:18.243  INFO 7508 --- [main] ationConfigEmbeddedWebApplicationContext : Refreshing org.springframework.boot.context.embedded.AnnotationConfigEmbeddedWebApplicationContext@4b168fa9: startup date [Sun Jul 23 23:48:18 JST 2017]; root of context hierarchy
2017-07-23 23:48:19.371  INFO 7508 --- [main] trationDelegate$BeanPostProcessorChecker : Bean 'org.springframework.transaction.annotation.ProxyTransactionManagementConfiguration' of type [org.springframework.transaction.annotation.ProxyTransactionManagementConfiguration$$EnhancerBySpringCGLIB$$ac7c63e1] is not eligible for getting processed by all BeanPostProcessors (for example: not eligible for auto-proxying)
2017-07-23 23:48:19.510  INFO 7508 --- [main] org.eclipse.jetty.util.log               : Logging initialized @2408ms to org.eclipse.jetty.util.log.Slf4jLog
2017-07-23 23:48:19.569  INFO 7508 --- [main] e.j.JettyEmbeddedServletContainerFactory : Server initialized with port: 8080
2017-07-23 23:48:19.570  INFO 7508 --- [main] org.eclipse.jetty.server.Server          : jetty-9.4.2.v20170220
2017-07-23 23:48:19.646  INFO 7508 --- [main] org.eclipse.jetty.server.session         : DefaultSessionIdManager workerName=node0
2017-07-23 23:48:19.646  INFO 7508 --- [main] org.eclipse.jetty.server.session         : No SessionScavenger set, using defaults
2017-07-23 23:48:19.647  INFO 7508 --- [main] org.eclipse.jetty.server.session         : Scavenging every 600000ms
2017-07-23 23:48:19.652  INFO 7508 --- [main] o.e.jetty.ContextHandler.application     : Initializing Spring embedded WebApplicationContext
2017-07-23 23:48:19.652  INFO 7508 --- [main] o.s.web.context.ContextLoader            : Root WebApplicationContext: initialization completed in 1413 ms
2017-07-23 23:48:19.839  INFO 7508 --- [main] o.s.b.w.servlet.ServletRegistrationBean  : Mapping servlet: 'dispatcherServlet' to [/]
2017-07-23 23:48:19.841  INFO 7508 --- [main] o.s.b.w.servlet.FilterRegistrationBean   : Mapping filter: 'metricsFilter' to: [/*]
2017-07-23 23:48:19.842  INFO 7508 --- [main] o.s.b.w.servlet.FilterRegistrationBean   : Mapping filter: 'characterEncodingFilter' to: [/*]
2017-07-23 23:48:19.842  INFO 7508 --- [main] o.s.b.w.servlet.FilterRegistrationBean   : Mapping filter: 'hiddenHttpMethodFilter' to: [/*]
2017-07-23 23:48:19.842  INFO 7508 --- [main] o.s.b.w.servlet.FilterRegistrationBean   : Mapping filter: 'httpPutFormContentFilter' to: [/*]
2017-07-23 23:48:19.842  INFO 7508 --- [main] o.s.b.w.servlet.FilterRegistrationBean   : Mapping filter: 'requestContextFilter' to: [/*]
2017-07-23 23:48:19.842  INFO 7508 --- [main] o.s.b.w.servlet.FilterRegistrationBean   : Mapping filter: 'webRequestLoggingFilter' to: [/*]
2017-07-23 23:48:19.843  INFO 7508 --- [main] o.s.b.w.servlet.FilterRegistrationBean   : Mapping filter: 'applicationContextIdFilter' to: [/*]
2017-07-23 23:48:20.069  INFO 7508 --- [main] o.e.jetty.server.handler.ContextHandler  : Started o.s.b.c.e.j.JettyEmbeddedWebAppContext@44de94c3{/,[file:///C:/Users/pinku/AppData/Local/Temp/jetty-docbase.1596661167995307557.8080/],AVAILABLE}
2017-07-23 23:48:20.069  INFO 7508 --- [main] org.eclipse.jetty.server.Server          : Started @2968ms
2017-07-23 23:48:20.103  INFO 7508 --- [main] o.s.j.d.DriverManagerDataSource          : Loaded JDBC driver: com.mysql.jdbc.Driver
2017-07-23 23:48:20.511  INFO 7508 --- [main] s.w.s.m.m.a.RequestMappingHandlerAdapter : Looking for @ControllerAdvice: org.springframework.boot.context.embedded.AnnotationConfigEmbeddedWebApplicationContext@4b168fa9: startup date [Sun Jul 23 23:48:18 JST 2017]; root of context hierarchy
2017-07-23 23:48:20.558  INFO 7508 --- [main] s.w.s.m.m.a.RequestMappingHandlerMapping : Mapped "{[/],methods=[GET]}" onto public java.lang.String summer.controller.LoginController.home(org.springframework.ui.Model,javax.servlet.http.HttpServletRequest,javax.servlet.http.HttpSession)
2017-07-23 23:48:20.559  INFO 7508 --- [main] s.w.s.m.m.a.RequestMappingHandlerMapping : Mapped "{[/login],methods=[POST]}" onto public java.lang.String summer.controller.LoginController.login(org.springframework.ui.Model,summer.formmodel.LoginForm,javax.servlet.http.HttpServletResponse,javax.servlet.http.HttpSession)
2017-07-23 23:48:20.560  INFO 7508 --- [main] s.w.s.m.m.a.RequestMappingHandlerMapping : Mapped "{[/mainpage],methods=[GET]}" onto public java.lang.String summer.controller.MainPageController.homemain(org.springframework.ui.Model,javax.servlet.http.HttpServletRequest,javax.servlet.http.HttpSession)
2017-07-23 23:48:20.563  INFO 7508 --- [main] s.w.s.m.m.a.RequestMappingHandlerMapping : Mapped "{[/error]}" onto public org.springframework.http.ResponseEntity<java.util.Map<java.lang.String, java.lang.Object>> org.springframework.boot.autoconfigure.web.BasicErrorController.error(javax.servlet.http.HttpServletRequest)
2017-07-23 23:48:20.563  INFO 7508 --- [main] s.w.s.m.m.a.RequestMappingHandlerMapping : Mapped "{[/error],produces=[text/html]}" onto public org.springframework.web.servlet.ModelAndView org.springframework.boot.autoconfigure.web.BasicErrorController.errorHtml(javax.servlet.http.HttpServletRequest,javax.servlet.http.HttpServletResponse)
2017-07-23 23:48:20.592  INFO 7508 --- [main] o.s.w.s.handler.SimpleUrlHandlerMapping  : Mapped URL path [/webjars/**] onto handler of type [class org.springframework.web.servlet.resource.ResourceHttpRequestHandler]
2017-07-23 23:48:20.593  INFO 7508 --- [main] o.s.w.s.handler.SimpleUrlHandlerMapping  : Mapped URL path [/**] onto handler of type [class org.springframework.web.servlet.resource.ResourceHttpRequestHandler]
2017-07-23 23:48:20.627  INFO 7508 --- [main] o.s.w.s.handler.SimpleUrlHandlerMapping  : Mapped URL path [/**/favicon.ico] onto handler of type [class org.springframework.web.servlet.resource.ResourceHttpRequestHandler]
2017-07-23 23:48:21.167  INFO 7508 --- [main] o.s.b.a.e.mvc.EndpointHandlerMapping     : Mapped "{[/dump || /dump.json],methods=[GET],produces=[application/vnd.spring-boot.actuator.v1+json || application/json]}" onto public java.lang.Object org.springframework.boot.actuate.endpoint.mvc.EndpointMvcAdapter.invoke()
2017-07-23 23:48:21.168  INFO 7508 --- [main] o.s.b.a.e.mvc.EndpointHandlerMapping     : Mapped "{[/heapdump || /heapdump.json],methods=[GET],produces=[application/octet-stream]}" onto public void org.springframework.boot.actuate.endpoint.mvc.HeapdumpMvcEndpoint.invoke(boolean,javax.servlet.http.HttpServletRequest,javax.servlet.http.HttpServletResponse) throws java.io.IOException,javax.servlet.ServletException
2017-07-23 23:48:21.168  INFO 7508 --- [main] o.s.b.a.e.mvc.EndpointHandlerMapping     : Mapped "{[/logfile || /logfile.json],methods=[GET || HEAD]}" onto public void org.springframework.boot.actuate.endpoint.mvc.LogFileMvcEndpoint.invoke(javax.servlet.http.HttpServletRequest,javax.servlet.http.HttpServletResponse) throws javax.servlet.ServletException,java.io.IOException
2017-07-23 23:48:21.170  INFO 7508 --- [main] o.s.b.a.e.mvc.EndpointHandlerMapping     : Mapped "{[/loggers/{name:.*}],methods=[GET],produces=[application/vnd.spring-boot.actuator.v1+json || application/json]}" onto public java.lang.Object org.springframework.boot.actuate.endpoint.mvc.LoggersMvcEndpoint.get(java.lang.String)
2017-07-23 23:48:21.170  INFO 7508 --- [main] o.s.b.a.e.mvc.EndpointHandlerMapping     : Mapped "{[/loggers/{name:.*}],methods=[POST],consumes=[application/vnd.spring-boot.actuator.v1+json || application/json],produces=[application/vnd.spring-boot.actuator.v1+json || application/json]}" onto public java.lang.Object org.springframework.boot.actuate.endpoint.mvc.LoggersMvcEndpoint.set(java.lang.String,java.util.Map<java.lang.String, java.lang.String>)
2017-07-23 23:48:21.170  INFO 7508 --- [main] o.s.b.a.e.mvc.EndpointHandlerMapping     : Mapped "{[/loggers || /loggers.json],methods=[GET],produces=[application/vnd.spring-boot.actuator.v1+json || application/json]}" onto public java.lang.Object org.springframework.boot.actuate.endpoint.mvc.EndpointMvcAdapter.invoke()
2017-07-23 23:48:21.171  INFO 7508 --- [main] o.s.b.a.e.mvc.EndpointHandlerMapping     : Mapped "{[/health || /health.json],methods=[GET],produces=[application/vnd.spring-boot.actuator.v1+json || application/json]}" onto public java.lang.Object org.springframework.boot.actuate.endpoint.mvc.HealthMvcEndpoint.invoke(javax.servlet.http.HttpServletRequest,java.security.Principal)
2017-07-23 23:48:21.171  INFO 7508 --- [main] o.s.b.a.e.mvc.EndpointHandlerMapping     : Mapped "{[/beans || /beans.json],methods=[GET],produces=[application/vnd.spring-boot.actuator.v1+json || application/json]}" onto public java.lang.Object org.springframework.boot.actuate.endpoint.mvc.EndpointMvcAdapter.invoke()
2017-07-23 23:48:21.172  INFO 7508 --- [main] o.s.b.a.e.mvc.EndpointHandlerMapping     : Mapped "{[/env/{name:.*}],methods=[GET],produces=[application/vnd.spring-boot.actuator.v1+json || application/json]}" onto public java.lang.Object org.springframework.boot.actuate.endpoint.mvc.EnvironmentMvcEndpoint.value(java.lang.String)
2017-07-23 23:48:21.172  INFO 7508 --- [main] o.s.b.a.e.mvc.EndpointHandlerMapping     : Mapped "{[/env || /env.json],methods=[GET],produces=[application/vnd.spring-boot.actuator.v1+json || application/json]}" onto public java.lang.Object org.springframework.boot.actuate.endpoint.mvc.EndpointMvcAdapter.invoke()
2017-07-23 23:48:21.172  INFO 7508 --- [main] o.s.b.a.e.mvc.EndpointHandlerMapping     : Mapped "{[/trace || /trace.json],methods=[GET],produces=[application/vnd.spring-boot.actuator.v1+json || application/json]}" onto public java.lang.Object org.springframework.boot.actuate.endpoint.mvc.EndpointMvcAdapter.invoke()
2017-07-23 23:48:21.173  INFO 7508 --- [main] o.s.b.a.e.mvc.EndpointHandlerMapping     : Mapped "{[/info || /info.json],methods=[GET],produces=[application/vnd.spring-boot.actuator.v1+json || application/json]}" onto public java.lang.Object org.springframework.boot.actuate.endpoint.mvc.EndpointMvcAdapter.invoke()
2017-07-23 23:48:21.174  INFO 7508 --- [main] o.s.b.a.e.mvc.EndpointHandlerMapping     : Mapped "{[/metrics/{name:.*}],methods=[GET],produces=[application/vnd.spring-boot.actuator.v1+json || application/json]}" onto public java.lang.Object org.springframework.boot.actuate.endpoint.mvc.MetricsMvcEndpoint.value(java.lang.String)
2017-07-23 23:48:21.174  INFO 7508 --- [main] o.s.b.a.e.mvc.EndpointHandlerMapping     : Mapped "{[/metrics || /metrics.json],methods=[GET],produces=[application/vnd.spring-boot.actuator.v1+json || application/json]}" onto public java.lang.Object org.springframework.boot.actuate.endpoint.mvc.EndpointMvcAdapter.invoke()
2017-07-23 23:48:21.174  INFO 7508 --- [main] o.s.b.a.e.mvc.EndpointHandlerMapping     : Mapped "{[/auditevents || /auditevents.json],methods=[GET],produces=[application/vnd.spring-boot.actuator.v1+json || application/json]}" onto public org.springframework.http.ResponseEntity<?> org.springframework.boot.actuate.endpoint.mvc.AuditEventsMvcEndpoint.findByPrincipalAndAfterAndType(java.lang.String,java.util.Date,java.lang.String)
2017-07-23 23:48:21.175  INFO 7508 --- [main] o.s.b.a.e.mvc.EndpointHandlerMapping     : Mapped "{[/mappings || /mappings.json],methods=[GET],produces=[application/vnd.spring-boot.actuator.v1+json || application/json]}" onto public java.lang.Object org.springframework.boot.actuate.endpoint.mvc.EndpointMvcAdapter.invoke()
2017-07-23 23:48:21.175  INFO 7508 --- [main] o.s.b.a.e.mvc.EndpointHandlerMapping     : Mapped "{[/autoconfig || /autoconfig.json],methods=[GET],produces=[application/vnd.spring-boot.actuator.v1+json || application/json]}" onto public java.lang.Object org.springframework.boot.actuate.endpoint.mvc.EndpointMvcAdapter.invoke()
2017-07-23 23:48:21.176  INFO 7508 --- [main] o.s.b.a.e.mvc.EndpointHandlerMapping     : Mapped "{[/configprops || /configprops.json],methods=[GET],produces=[application/vnd.spring-boot.actuator.v1+json || application/json]}" onto public java.lang.Object org.springframework.boot.actuate.endpoint.mvc.EndpointMvcAdapter.invoke()
2017-07-23 23:48:21.500  INFO 7508 --- [main] o.s.j.e.a.AnnotationMBeanExporter        : Registering beans for JMX exposure on startup
2017-07-23 23:48:21.510  INFO 7508 --- [main] o.s.c.support.DefaultLifecycleProcessor  : Starting beans in phase 0
2017-07-23 23:48:21.575  INFO 7508 --- [main] o.e.jetty.ContextHandler.application     : Initializing Spring FrameworkServlet 'dispatcherServlet'
2017-07-23 23:48:21.575  INFO 7508 --- [main] o.s.web.servlet.DispatcherServlet        : FrameworkServlet 'dispatcherServlet': initialization started
2017-07-23 23:48:21.586  INFO 7508 --- [main] o.s.web.servlet.DispatcherServlet        : FrameworkServlet 'dispatcherServlet': initialization completed in 11 ms
2017-07-23 23:48:21.598  INFO 7508 --- [main] o.e.jetty.server.AbstractConnector       : Started ServerConnector@24386839{HTTP/1.1,[http/1.1]}{0.0.0.0:8080}
2017-07-23 23:48:21.600  INFO 7508 --- [main] .s.b.c.e.j.JettyEmbeddedServletContainer : Jetty started on port(s) 8080 (http/1.1)
2017-07-23 23:48:21.604  INFO 7508 --- [main] s.controller.SpringBootWebApplication    : Started SpringBootWebApplication in 3.86 seconds (JVM running for 4.503)
2017-07-23 23:53:37.791  INFO 7508 --- [RMI TCP Connection(13)-127.0.0.1] inMXBeanRegistrar$SpringApplicationAdmin : Application shutdown requested.
2017-07-23 23:53:37.792  INFO 7508 --- [RMI TCP Connection(13)-127.0.0.1] ationConfigEmbeddedWebApplicationContext : Closing org.springframework.boot.context.embedded.AnnotationConfigEmbeddedWebApplicationContext@4b168fa9: startup date [Sun Jul 23 23:48:18 JST 2017]; root of context hierarchy
2017-07-23 23:53:37.796  INFO 7508 --- [RMI TCP Connection(13)-127.0.0.1] o.s.c.support.DefaultLifecycleProcessor  : Stopping beans in phase 0
2017-07-23 23:53:37.798  INFO 7508 --- [RMI TCP Connection(13)-127.0.0.1] o.s.j.e.a.AnnotationMBeanExporter        : Unregistering JMX-exposed beans on shutdown
2017-07-23 23:53:37.806  INFO 7508 --- [RMI TCP Connection(13)-127.0.0.1] o.e.jetty.server.AbstractConnector       : Stopped ServerConnector@24386839{HTTP/1.1,[http/1.1]}{0.0.0.0:8080}
2017-07-23 23:53:37.807  INFO 7508 --- [RMI TCP Connection(13)-127.0.0.1] org.eclipse.jetty.server.session         : Stopped scavenging
2017-07-23 23:53:37.813  INFO 7508 --- [RMI TCP Connection(13)-127.0.0.1] o.e.jetty.ContextHandler.application     : Destroying Spring FrameworkServlet 'dispatcherServlet'
2017-07-23 23:53:37.814  INFO 7508 --- [RMI TCP Connection(13)-127.0.0.1] o.e.jetty.server.handler.ContextHandler  : Stopped o.s.b.c.e.j.JettyEmbeddedWebAppContext@44de94c3{/,[file:///C:/Users/pinku/AppData/Local/Temp/jetty-docbase.1596661167995307557.8080/],UNAVAILABLE}
2017-07-23 23:53:44.124  INFO 8380 --- [main] s.controller.SpringBootWebApplication    : Starting SpringBootWebApplication on pinku-pc with PID 8380 (C:\Users\pinku\eclipse-workspace\summertag\bin started by pinku in C:\Users\pinku\eclipse-workspace\summertag)
2017-07-23 23:53:44.127  INFO 8380 --- [main] s.controller.SpringBootWebApplication    : No active profile set, falling back to default profiles: default
2017-07-23 23:53:44.362  INFO 8380 --- [main] ationConfigEmbeddedWebApplicationContext : Refreshing org.springframework.boot.context.embedded.AnnotationConfigEmbeddedWebApplicationContext@4b168fa9: startup date [Sun Jul 23 23:53:44 JST 2017]; root of context hierarchy
2017-07-23 23:53:45.473  INFO 8380 --- [main] trationDelegate$BeanPostProcessorChecker : Bean 'org.springframework.transaction.annotation.ProxyTransactionManagementConfiguration' of type [org.springframework.transaction.annotation.ProxyTransactionManagementConfiguration$$EnhancerBySpringCGLIB$$3ef7e76] is not eligible for getting processed by all BeanPostProcessors (for example: not eligible for auto-proxying)
2017-07-23 23:53:45.623  INFO 8380 --- [main] org.eclipse.jetty.util.log               : Logging initialized @2342ms to org.eclipse.jetty.util.log.Slf4jLog
2017-07-23 23:53:45.683  INFO 8380 --- [main] e.j.JettyEmbeddedServletContainerFactory : Server initialized with port: 8080
2017-07-23 23:53:45.684  INFO 8380 --- [main] org.eclipse.jetty.server.Server          : jetty-9.4.2.v20170220
2017-07-23 23:53:45.757  INFO 8380 --- [main] org.eclipse.jetty.server.session         : DefaultSessionIdManager workerName=node0
2017-07-23 23:53:45.757  INFO 8380 --- [main] org.eclipse.jetty.server.session         : No SessionScavenger set, using defaults
2017-07-23 23:53:45.758  INFO 8380 --- [main] org.eclipse.jetty.server.session         : Scavenging every 660000ms
2017-07-23 23:53:45.763  INFO 8380 --- [main] o.e.jetty.ContextHandler.application     : Initializing Spring embedded WebApplicationContext
2017-07-23 23:53:45.763  INFO 8380 --- [main] o.s.web.context.ContextLoader            : Root WebApplicationContext: initialization completed in 1405 ms
2017-07-23 23:53:45.927  INFO 8380 --- [main] o.s.b.w.servlet.ServletRegistrationBean  : Mapping servlet: 'dispatcherServlet' to [/]
2017-07-23 23:53:45.929  INFO 8380 --- [main] o.s.b.w.servlet.FilterRegistrationBean   : Mapping filter: 'metricsFilter' to: [/*]
2017-07-23 23:53:45.929  INFO 8380 --- [main] o.s.b.w.servlet.FilterRegistrationBean   : Mapping filter: 'characterEncodingFilter' to: [/*]
2017-07-23 23:53:45.930  INFO 8380 --- [main] o.s.b.w.servlet.FilterRegistrationBean   : Mapping filter: 'hiddenHttpMethodFilter' to: [/*]
2017-07-23 23:53:45.930  INFO 8380 --- [main] o.s.b.w.servlet.FilterRegistrationBean   : Mapping filter: 'httpPutFormContentFilter' to: [/*]
2017-07-23 23:53:45.930  INFO 8380 --- [main] o.s.b.w.servlet.FilterRegistrationBean   : Mapping filter: 'requestContextFilter' to: [/*]
2017-07-23 23:53:45.930  INFO 8380 --- [main] o.s.b.w.servlet.FilterRegistrationBean   : Mapping filter: 'webRequestLoggingFilter' to: [/*]
2017-07-23 23:53:45.930  INFO 8380 --- [main] o.s.b.w.servlet.FilterRegistrationBean   : Mapping filter: 'applicationContextIdFilter' to: [/*]
2017-07-23 23:53:46.135  INFO 8380 --- [main] o.e.jetty.server.handler.ContextHandler  : Started o.s.b.c.e.j.JettyEmbeddedWebAppContext@640dc4c6{/,[file:///C:/Users/pinku/AppData/Local/Temp/jetty-docbase.4037252440709673432.8080/],AVAILABLE}
2017-07-23 23:53:46.135  INFO 8380 --- [main] org.eclipse.jetty.server.Server          : Started @2854ms
2017-07-23 23:53:46.170  INFO 8380 --- [main] o.s.j.d.DriverManagerDataSource          : Loaded JDBC driver: com.mysql.jdbc.Driver
2017-07-23 23:53:46.603  INFO 8380 --- [main] s.w.s.m.m.a.RequestMappingHandlerAdapter : Looking for @ControllerAdvice: org.springframework.boot.context.embedded.AnnotationConfigEmbeddedWebApplicationContext@4b168fa9: startup date [Sun Jul 23 23:53:44 JST 2017]; root of context hierarchy
2017-07-23 23:53:46.653  INFO 8380 --- [main] s.w.s.m.m.a.RequestMappingHandlerMapping : Mapped "{[/],methods=[GET]}" onto public java.lang.String summer.controller.LoginController.home(org.springframework.ui.Model,javax.servlet.http.HttpServletRequest,javax.servlet.http.HttpSession)
2017-07-23 23:53:46.654  INFO 8380 --- [main] s.w.s.m.m.a.RequestMappingHandlerMapping : Mapped "{[/login],methods=[POST]}" onto public java.lang.String summer.controller.LoginController.login(org.springframework.ui.Model,summer.formmodel.LoginForm,javax.servlet.http.HttpServletResponse,javax.servlet.http.HttpSession)
2017-07-23 23:53:46.654  INFO 8380 --- [main] s.w.s.m.m.a.RequestMappingHandlerMapping : Mapped "{[/mainpage],methods=[GET]}" onto public java.lang.String summer.controller.MainPageController.homemain(org.springframework.ui.Model,javax.servlet.http.HttpServletRequest,javax.servlet.http.HttpSession)
2017-07-23 23:53:46.656  INFO 8380 --- [main] s.w.s.m.m.a.RequestMappingHandlerMapping : Mapped "{[/error]}" onto public org.springframework.http.ResponseEntity<java.util.Map<java.lang.String, java.lang.Object>> org.springframework.boot.autoconfigure.web.BasicErrorController.error(javax.servlet.http.HttpServletRequest)
2017-07-23 23:53:46.656  INFO 8380 --- [main] s.w.s.m.m.a.RequestMappingHandlerMapping : Mapped "{[/error],produces=[text/html]}" onto public org.springframework.web.servlet.ModelAndView org.springframework.boot.autoconfigure.web.BasicErrorController.errorHtml(javax.servlet.http.HttpServletRequest,javax.servlet.http.HttpServletResponse)
2017-07-23 23:53:46.688  INFO 8380 --- [main] o.s.w.s.handler.SimpleUrlHandlerMapping  : Mapped URL path [/webjars/**] onto handler of type [class org.springframework.web.servlet.resource.ResourceHttpRequestHandler]
2017-07-23 23:53:46.689  INFO 8380 --- [main] o.s.w.s.handler.SimpleUrlHandlerMapping  : Mapped URL path [/**] onto handler of type [class org.springframework.web.servlet.resource.ResourceHttpRequestHandler]
2017-07-23 23:53:46.728  INFO 8380 --- [main] o.s.w.s.handler.SimpleUrlHandlerMapping  : Mapped URL path [/**/favicon.ico] onto handler of type [class org.springframework.web.servlet.resource.ResourceHttpRequestHandler]
2017-07-23 23:53:47.275  INFO 8380 --- [main] o.s.b.a.e.mvc.EndpointHandlerMapping     : Mapped "{[/loggers/{name:.*}],methods=[GET],produces=[application/vnd.spring-boot.actuator.v1+json || application/json]}" onto public java.lang.Object org.springframework.boot.actuate.endpoint.mvc.LoggersMvcEndpoint.get(java.lang.String)
2017-07-23 23:53:47.275  INFO 8380 --- [main] o.s.b.a.e.mvc.EndpointHandlerMapping     : Mapped "{[/loggers/{name:.*}],methods=[POST],consumes=[application/vnd.spring-boot.actuator.v1+json || application/json],produces=[application/vnd.spring-boot.actuator.v1+json || application/json]}" onto public java.lang.Object org.springframework.boot.actuate.endpoint.mvc.LoggersMvcEndpoint.set(java.lang.String,java.util.Map<java.lang.String, java.lang.String>)
2017-07-23 23:53:47.275  INFO 8380 --- [main] o.s.b.a.e.mvc.EndpointHandlerMapping     : Mapped "{[/loggers || /loggers.json],methods=[GET],produces=[application/vnd.spring-boot.actuator.v1+json || application/json]}" onto public java.lang.Object org.springframework.boot.actuate.endpoint.mvc.EndpointMvcAdapter.invoke()
2017-07-23 23:53:47.276  INFO 8380 --- [main] o.s.b.a.e.mvc.EndpointHandlerMapping     : Mapped "{[/health || /health.json],methods=[GET],produces=[application/vnd.spring-boot.actuator.v1+json || application/json]}" onto public java.lang.Object org.springframework.boot.actuate.endpoint.mvc.HealthMvcEndpoint.invoke(javax.servlet.http.HttpServletRequest,java.security.Principal)
2017-07-23 23:53:47.276  INFO 8380 --- [main] o.s.b.a.e.mvc.EndpointHandlerMapping     : Mapped "{[/dump || /dump.json],methods=[GET],produces=[application/vnd.spring-boot.actuator.v1+json || application/json]}" onto public java.lang.Object org.springframework.boot.actuate.endpoint.mvc.EndpointMvcAdapter.invoke()
2017-07-23 23:53:47.277  INFO 8380 --- [main] o.s.b.a.e.mvc.EndpointHandlerMapping     : Mapped "{[/info || /info.json],methods=[GET],produces=[application/vnd.spring-boot.actuator.v1+json || application/json]}" onto public java.lang.Object org.springframework.boot.actuate.endpoint.mvc.EndpointMvcAdapter.invoke()
2017-07-23 23:53:47.278  INFO 8380 --- [main] o.s.b.a.e.mvc.EndpointHandlerMapping     : Mapped "{[/env/{name:.*}],methods=[GET],produces=[application/vnd.spring-boot.actuator.v1+json || application/json]}" onto public java.lang.Object org.springframework.boot.actuate.endpoint.mvc.EnvironmentMvcEndpoint.value(java.lang.String)
2017-07-23 23:53:47.278  INFO 8380 --- [main] o.s.b.a.e.mvc.EndpointHandlerMapping     : Mapped "{[/env || /env.json],methods=[GET],produces=[application/vnd.spring-boot.actuator.v1+json || application/json]}" onto public java.lang.Object org.springframework.boot.actuate.endpoint.mvc.EndpointMvcAdapter.invoke()
2017-07-23 23:53:47.279  INFO 8380 --- [main] o.s.b.a.e.mvc.EndpointHandlerMapping     : Mapped "{[/logfile || /logfile.json],methods=[GET || HEAD]}" onto public void org.springframework.boot.actuate.endpoint.mvc.LogFileMvcEndpoint.invoke(javax.servlet.http.HttpServletRequest,javax.servlet.http.HttpServletResponse) throws javax.servlet.ServletException,java.io.IOException
2017-07-23 23:53:47.279  INFO 8380 --- [main] o.s.b.a.e.mvc.EndpointHandlerMapping     : Mapped "{[/trace || /trace.json],methods=[GET],produces=[application/vnd.spring-boot.actuator.v1+json || application/json]}" onto public java.lang.Object org.springframework.boot.actuate.endpoint.mvc.EndpointMvcAdapter.invoke()
2017-07-23 23:53:47.280  INFO 8380 --- [main] o.s.b.a.e.mvc.EndpointHandlerMapping     : Mapped "{[/autoconfig || /autoconfig.json],methods=[GET],produces=[application/vnd.spring-boot.actuator.v1+json || application/json]}" onto public java.lang.Object org.springframework.boot.actuate.endpoint.mvc.EndpointMvcAdapter.invoke()
2017-07-23 23:53:47.280  INFO 8380 --- [main] o.s.b.a.e.mvc.EndpointHandlerMapping     : Mapped "{[/configprops || /configprops.json],methods=[GET],produces=[application/vnd.spring-boot.actuator.v1+json || application/json]}" onto public java.lang.Object org.springframework.boot.actuate.endpoint.mvc.EndpointMvcAdapter.invoke()
2017-07-23 23:53:47.281  INFO 8380 --- [main] o.s.b.a.e.mvc.EndpointHandlerMapping     : Mapped "{[/mappings || /mappings.json],methods=[GET],produces=[application/vnd.spring-boot.actuator.v1+json || application/json]}" onto public java.lang.Object org.springframework.boot.actuate.endpoint.mvc.EndpointMvcAdapter.invoke()
2017-07-23 23:53:47.281  INFO 8380 --- [main] o.s.b.a.e.mvc.EndpointHandlerMapping     : Mapped "{[/beans || /beans.json],methods=[GET],produces=[application/vnd.spring-boot.actuator.v1+json || application/json]}" onto public java.lang.Object org.springframework.boot.actuate.endpoint.mvc.EndpointMvcAdapter.invoke()
2017-07-23 23:53:47.282  INFO 8380 --- [main] o.s.b.a.e.mvc.EndpointHandlerMapping     : Mapped "{[/auditevents || /auditevents.json],methods=[GET],produces=[application/vnd.spring-boot.actuator.v1+json || application/json]}" onto public org.springframework.http.ResponseEntity<?> org.springframework.boot.actuate.endpoint.mvc.AuditEventsMvcEndpoint.findByPrincipalAndAfterAndType(java.lang.String,java.util.Date,java.lang.String)
2017-07-23 23:53:47.283  INFO 8380 --- [main] o.s.b.a.e.mvc.EndpointHandlerMapping     : Mapped "{[/metrics/{name:.*}],methods=[GET],produces=[application/vnd.spring-boot.actuator.v1+json || application/json]}" onto public java.lang.Object org.springframework.boot.actuate.endpoint.mvc.MetricsMvcEndpoint.value(java.lang.String)
2017-07-23 23:53:47.283  INFO 8380 --- [main] o.s.b.a.e.mvc.EndpointHandlerMapping     : Mapped "{[/metrics || /metrics.json],methods=[GET],produces=[application/vnd.spring-boot.actuator.v1+json || application/json]}" onto public java.lang.Object org.springframework.boot.actuate.endpoint.mvc.EndpointMvcAdapter.invoke()
2017-07-23 23:53:47.283  INFO 8380 --- [main] o.s.b.a.e.mvc.EndpointHandlerMapping     : Mapped "{[/heapdump || /heapdump.json],methods=[GET],produces=[application/octet-stream]}" onto public void org.springframework.boot.actuate.endpoint.mvc.HeapdumpMvcEndpoint.invoke(boolean,javax.servlet.http.HttpServletRequest,javax.servlet.http.HttpServletResponse) throws java.io.IOException,javax.servlet.ServletException
2017-07-23 23:53:47.617  INFO 8380 --- [main] o.s.j.e.a.AnnotationMBeanExporter        : Registering beans for JMX exposure on startup
2017-07-23 23:53:47.628  INFO 8380 --- [main] o.s.c.support.DefaultLifecycleProcessor  : Starting beans in phase 0
2017-07-23 23:53:47.701  INFO 8380 --- [main] o.e.jetty.ContextHandler.application     : Initializing Spring FrameworkServlet 'dispatcherServlet'
2017-07-23 23:53:47.701  INFO 8380 --- [main] o.s.web.servlet.DispatcherServlet        : FrameworkServlet 'dispatcherServlet': initialization started
2017-07-23 23:53:47.712  INFO 8380 --- [main] o.s.web.servlet.DispatcherServlet        : FrameworkServlet 'dispatcherServlet': initialization completed in 11 ms
2017-07-23 23:53:47.727  INFO 8380 --- [main] o.e.jetty.server.AbstractConnector       : Started ServerConnector@3a2d3909{HTTP/1.1,[http/1.1]}{0.0.0.0:8080}
2017-07-23 23:53:47.729  INFO 8380 --- [main] .s.b.c.e.j.JettyEmbeddedServletContainer : Jetty started on port(s) 8080 (http/1.1)
2017-07-23 23:53:47.734  INFO 8380 --- [main] s.controller.SpringBootWebApplication    : Started SpringBootWebApplication in 3.839 seconds (JVM running for 4.453)
2017-07-23 23:55:00.851  INFO 8380 --- [RMI TCP Connection(9)-127.0.0.1] inMXBeanRegistrar$SpringApplicationAdmin : Application shutdown requested.
2017-07-23 23:55:00.852  INFO 8380 --- [RMI TCP Connection(9)-127.0.0.1] ationConfigEmbeddedWebApplicationContext : Closing org.springframework.boot.context.embedded.AnnotationConfigEmbeddedWebApplicationContext@4b168fa9: startup date [Sun Jul 23 23:53:44 JST 2017]; root of context hierarchy
2017-07-23 23:55:00.855  INFO 8380 --- [RMI TCP Connection(9)-127.0.0.1] o.s.c.support.DefaultLifecycleProcessor  : Stopping beans in phase 0
2017-07-23 23:55:00.857  INFO 8380 --- [RMI TCP Connection(9)-127.0.0.1] o.s.j.e.a.AnnotationMBeanExporter        : Unregistering JMX-exposed beans on shutdown
2017-07-23 23:55:00.864  INFO 8380 --- [RMI TCP Connection(9)-127.0.0.1] o.e.jetty.server.AbstractConnector       : Stopped ServerConnector@3a2d3909{HTTP/1.1,[http/1.1]}{0.0.0.0:8080}
2017-07-23 23:55:00.865  INFO 8380 --- [RMI TCP Connection(9)-127.0.0.1] org.eclipse.jetty.server.session         : Stopped scavenging
2017-07-23 23:55:00.871  INFO 8380 --- [RMI TCP Connection(9)-127.0.0.1] o.e.jetty.ContextHandler.application     : Destroying Spring FrameworkServlet 'dispatcherServlet'
2017-07-23 23:55:00.872  INFO 8380 --- [RMI TCP Connection(9)-127.0.0.1] o.e.jetty.server.handler.ContextHandler  : Stopped o.s.b.c.e.j.JettyEmbeddedWebAppContext@640dc4c6{/,[file:///C:/Users/pinku/AppData/Local/Temp/jetty-docbase.4037252440709673432.8080/],UNAVAILABLE}
2017-07-23 23:55:35.948  INFO 7964 --- [main] s.controller.SpringBootWebApplication    : Starting SpringBootWebApplication on pinku-pc with PID 7964 (C:\Users\pinku\eclipse-workspace\summertag\bin started by pinku in C:\Users\pinku\eclipse-workspace\summertag)
2017-07-23 23:55:35.951  INFO 7964 --- [main] s.controller.SpringBootWebApplication    : No active profile set, falling back to default profiles: default
2017-07-23 23:55:36.158  INFO 7964 --- [main] ationConfigEmbeddedWebApplicationContext : Refreshing org.springframework.boot.context.embedded.AnnotationConfigEmbeddedWebApplicationContext@23282c25: startup date [Sun Jul 23 23:55:36 JST 2017]; root of context hierarchy
2017-07-23 23:55:37.284  INFO 7964 --- [main] trationDelegate$BeanPostProcessorChecker : Bean 'org.springframework.transaction.annotation.ProxyTransactionManagementConfiguration' of type [org.springframework.transaction.annotation.ProxyTransactionManagementConfiguration$$EnhancerBySpringCGLIB$$8d46e942] is not eligible for getting processed by all BeanPostProcessors (for example: not eligible for auto-proxying)
2017-07-23 23:55:37.426  INFO 7964 --- [main] org.eclipse.jetty.util.log               : Logging initialized @2608ms to org.eclipse.jetty.util.log.Slf4jLog
2017-07-23 23:55:37.480  INFO 7964 --- [main] e.j.JettyEmbeddedServletContainerFactory : Server initialized with port: 8080
2017-07-23 23:55:37.482  INFO 7964 --- [main] org.eclipse.jetty.server.Server          : jetty-9.4.2.v20170220
2017-07-23 23:55:37.554  INFO 7964 --- [main] org.eclipse.jetty.server.session         : DefaultSessionIdManager workerName=node0
2017-07-23 23:55:37.554  INFO 7964 --- [main] org.eclipse.jetty.server.session         : No SessionScavenger set, using defaults
2017-07-23 23:55:37.555  INFO 7964 --- [main] org.eclipse.jetty.server.session         : Scavenging every 600000ms
2017-07-23 23:55:37.560  INFO 7964 --- [main] o.e.jetty.ContextHandler.application     : Initializing Spring embedded WebApplicationContext
2017-07-23 23:55:37.560  INFO 7964 --- [main] o.s.web.context.ContextLoader            : Root WebApplicationContext: initialization completed in 1406 ms
2017-07-23 23:55:37.720  INFO 7964 --- [main] o.s.b.w.servlet.ServletRegistrationBean  : Mapping servlet: 'dispatcherServlet' to [/]
2017-07-23 23:55:37.722  INFO 7964 --- [main] o.s.b.w.servlet.FilterRegistrationBean   : Mapping filter: 'metricsFilter' to: [/*]
2017-07-23 23:55:37.723  INFO 7964 --- [main] o.s.b.w.servlet.FilterRegistrationBean   : Mapping filter: 'characterEncodingFilter' to: [/*]
2017-07-23 23:55:37.723  INFO 7964 --- [main] o.s.b.w.servlet.FilterRegistrationBean   : Mapping filter: 'hiddenHttpMethodFilter' to: [/*]
2017-07-23 23:55:37.723  INFO 7964 --- [main] o.s.b.w.servlet.FilterRegistrationBean   : Mapping filter: 'httpPutFormContentFilter' to: [/*]
2017-07-23 23:55:37.723  INFO 7964 --- [main] o.s.b.w.servlet.FilterRegistrationBean   : Mapping filter: 'requestContextFilter' to: [/*]
2017-07-23 23:55:37.723  INFO 7964 --- [main] o.s.b.w.servlet.FilterRegistrationBean   : Mapping filter: 'webRequestLoggingFilter' to: [/*]
2017-07-23 23:55:37.723  INFO 7964 --- [main] o.s.b.w.servlet.FilterRegistrationBean   : Mapping filter: 'applicationContextIdFilter' to: [/*]
2017-07-23 23:55:37.932  INFO 7964 --- [main] o.e.jetty.server.handler.ContextHandler  : Started o.s.b.c.e.j.JettyEmbeddedWebAppContext@dcc6211{/,[file:///C:/Users/pinku/AppData/Local/Temp/jetty-docbase.6534956354840071229.8080/],AVAILABLE}
2017-07-23 23:55:37.932  INFO 7964 --- [main] org.eclipse.jetty.server.Server          : Started @3115ms
2017-07-23 23:55:37.965  INFO 7964 --- [main] o.s.j.d.DriverManagerDataSource          : Loaded JDBC driver: com.mysql.jdbc.Driver
2017-07-23 23:55:38.388  INFO 7964 --- [main] s.w.s.m.m.a.RequestMappingHandlerAdapter : Looking for @ControllerAdvice: org.springframework.boot.context.embedded.AnnotationConfigEmbeddedWebApplicationContext@23282c25: startup date [Sun Jul 23 23:55:36 JST 2017]; root of context hierarchy
2017-07-23 23:55:38.437  INFO 7964 --- [main] s.w.s.m.m.a.RequestMappingHandlerMapping : Mapped "{[/],methods=[GET]}" onto public java.lang.String summer.controller.LoginController.home(org.springframework.ui.Model,javax.servlet.http.HttpServletRequest,javax.servlet.http.HttpSession)
2017-07-23 23:55:38.438  INFO 7964 --- [main] s.w.s.m.m.a.RequestMappingHandlerMapping : Mapped "{[/login],methods=[POST]}" onto public java.lang.String summer.controller.LoginController.login(org.springframework.ui.Model,summer.formmodel.LoginForm,javax.servlet.http.HttpServletResponse,javax.servlet.http.HttpSession)
2017-07-23 23:55:38.439  INFO 7964 --- [main] s.w.s.m.m.a.RequestMappingHandlerMapping : Mapped "{[/mainpage],methods=[GET]}" onto public java.lang.String summer.controller.MainPageController.homemain(org.springframework.ui.Model,javax.servlet.http.HttpServletRequest,javax.servlet.http.HttpSession)
2017-07-23 23:55:38.441  INFO 7964 --- [main] s.w.s.m.m.a.RequestMappingHandlerMapping : Mapped "{[/error]}" onto public org.springframework.http.ResponseEntity<java.util.Map<java.lang.String, java.lang.Object>> org.springframework.boot.autoconfigure.web.BasicErrorController.error(javax.servlet.http.HttpServletRequest)
2017-07-23 23:55:38.441  INFO 7964 --- [main] s.w.s.m.m.a.RequestMappingHandlerMapping : Mapped "{[/error],produces=[text/html]}" onto public org.springframework.web.servlet.ModelAndView org.springframework.boot.autoconfigure.web.BasicErrorController.errorHtml(javax.servlet.http.HttpServletRequest,javax.servlet.http.HttpServletResponse)
2017-07-23 23:55:38.469  INFO 7964 --- [main] o.s.w.s.handler.SimpleUrlHandlerMapping  : Mapped URL path [/webjars/**] onto handler of type [class org.springframework.web.servlet.resource.ResourceHttpRequestHandler]
2017-07-23 23:55:38.470  INFO 7964 --- [main] o.s.w.s.handler.SimpleUrlHandlerMapping  : Mapped URL path [/**] onto handler of type [class org.springframework.web.servlet.resource.ResourceHttpRequestHandler]
2017-07-23 23:55:38.504  INFO 7964 --- [main] o.s.w.s.handler.SimpleUrlHandlerMapping  : Mapped URL path [/**/favicon.ico] onto handler of type [class org.springframework.web.servlet.resource.ResourceHttpRequestHandler]
2017-07-23 23:55:39.018  INFO 7964 --- [main] o.s.b.a.e.mvc.EndpointHandlerMapping     : Mapped "{[/loggers/{name:.*}],methods=[GET],produces=[application/vnd.spring-boot.actuator.v1+json || application/json]}" onto public java.lang.Object org.springframework.boot.actuate.endpoint.mvc.LoggersMvcEndpoint.get(java.lang.String)
2017-07-23 23:55:39.018  INFO 7964 --- [main] o.s.b.a.e.mvc.EndpointHandlerMapping     : Mapped "{[/loggers/{name:.*}],methods=[POST],consumes=[application/vnd.spring-boot.actuator.v1+json || application/json],produces=[application/vnd.spring-boot.actuator.v1+json || application/json]}" onto public java.lang.Object org.springframework.boot.actuate.endpoint.mvc.LoggersMvcEndpoint.set(java.lang.String,java.util.Map<java.lang.String, java.lang.String>)
2017-07-23 23:55:39.018  INFO 7964 --- [main] o.s.b.a.e.mvc.EndpointHandlerMapping     : Mapped "{[/loggers || /loggers.json],methods=[GET],produces=[application/vnd.spring-boot.actuator.v1+json || application/json]}" onto public java.lang.Object org.springframework.boot.actuate.endpoint.mvc.EndpointMvcAdapter.invoke()
2017-07-23 23:55:39.019  INFO 7964 --- [main] o.s.b.a.e.mvc.EndpointHandlerMapping     : Mapped "{[/dump || /dump.json],methods=[GET],produces=[application/vnd.spring-boot.actuator.v1+json || application/json]}" onto public java.lang.Object org.springframework.boot.actuate.endpoint.mvc.EndpointMvcAdapter.invoke()
2017-07-23 23:55:39.020  INFO 7964 --- [main] o.s.b.a.e.mvc.EndpointHandlerMapping     : Mapped "{[/metrics/{name:.*}],methods=[GET],produces=[application/vnd.spring-boot.actuator.v1+json || application/json]}" onto public java.lang.Object org.springframework.boot.actuate.endpoint.mvc.MetricsMvcEndpoint.value(java.lang.String)
2017-07-23 23:55:39.020  INFO 7964 --- [main] o.s.b.a.e.mvc.EndpointHandlerMapping     : Mapped "{[/metrics || /metrics.json],methods=[GET],produces=[application/vnd.spring-boot.actuator.v1+json || application/json]}" onto public java.lang.Object org.springframework.boot.actuate.endpoint.mvc.EndpointMvcAdapter.invoke()
2017-07-23 23:55:39.020  INFO 7964 --- [main] o.s.b.a.e.mvc.EndpointHandlerMapping     : Mapped "{[/env/{name:.*}],methods=[GET],produces=[application/vnd.spring-boot.actuator.v1+json || application/json]}" onto public java.lang.Object org.springframework.boot.actuate.endpoint.mvc.EnvironmentMvcEndpoint.value(java.lang.String)
2017-07-23 23:55:39.021  INFO 7964 --- [main] o.s.b.a.e.mvc.EndpointHandlerMapping     : Mapped "{[/env || /env.json],methods=[GET],produces=[application/vnd.spring-boot.actuator.v1+json || application/json]}" onto public java.lang.Object org.springframework.boot.actuate.endpoint.mvc.EndpointMvcAdapter.invoke()
2017-07-23 23:55:39.021  INFO 7964 --- [main] o.s.b.a.e.mvc.EndpointHandlerMapping     : Mapped "{[/auditevents || /auditevents.json],methods=[GET],produces=[application/vnd.spring-boot.actuator.v1+json || application/json]}" onto public org.springframework.http.ResponseEntity<?> org.springframework.boot.actuate.endpoint.mvc.AuditEventsMvcEndpoint.findByPrincipalAndAfterAndType(java.lang.String,java.util.Date,java.lang.String)
2017-07-23 23:55:39.022  INFO 7964 --- [main] o.s.b.a.e.mvc.EndpointHandlerMapping     : Mapped "{[/trace || /trace.json],methods=[GET],produces=[application/vnd.spring-boot.actuator.v1+json || application/json]}" onto public java.lang.Object org.springframework.boot.actuate.endpoint.mvc.EndpointMvcAdapter.invoke()
2017-07-23 23:55:39.022  INFO 7964 --- [main] o.s.b.a.e.mvc.EndpointHandlerMapping     : Mapped "{[/health || /health.json],methods=[GET],produces=[application/vnd.spring-boot.actuator.v1+json || application/json]}" onto public java.lang.Object org.springframework.boot.actuate.endpoint.mvc.HealthMvcEndpoint.invoke(javax.servlet.http.HttpServletRequest,java.security.Principal)
2017-07-23 23:55:39.023  INFO 7964 --- [main] o.s.b.a.e.mvc.EndpointHandlerMapping     : Mapped "{[/info || /info.json],methods=[GET],produces=[application/vnd.spring-boot.actuator.v1+json || application/json]}" onto public java.lang.Object org.springframework.boot.actuate.endpoint.mvc.EndpointMvcAdapter.invoke()
2017-07-23 23:55:39.023  INFO 7964 --- [main] o.s.b.a.e.mvc.EndpointHandlerMapping     : Mapped "{[/configprops || /configprops.json],methods=[GET],produces=[application/vnd.spring-boot.actuator.v1+json || application/json]}" onto public java.lang.Object org.springframework.boot.actuate.endpoint.mvc.EndpointMvcAdapter.invoke()
2017-07-23 23:55:39.024  INFO 7964 --- [main] o.s.b.a.e.mvc.EndpointHandlerMapping     : Mapped "{[/autoconfig || /autoconfig.json],methods=[GET],produces=[application/vnd.spring-boot.actuator.v1+json || application/json]}" onto public java.lang.Object org.springframework.boot.actuate.endpoint.mvc.EndpointMvcAdapter.invoke()
2017-07-23 23:55:39.024  INFO 7964 --- [main] o.s.b.a.e.mvc.EndpointHandlerMapping     : Mapped "{[/logfile || /logfile.json],methods=[GET || HEAD]}" onto public void org.springframework.boot.actuate.endpoint.mvc.LogFileMvcEndpoint.invoke(javax.servlet.http.HttpServletRequest,javax.servlet.http.HttpServletResponse) throws javax.servlet.ServletException,java.io.IOException
2017-07-23 23:55:39.025  INFO 7964 --- [main] o.s.b.a.e.mvc.EndpointHandlerMapping     : Mapped "{[/mappings || /mappings.json],methods=[GET],produces=[application/vnd.spring-boot.actuator.v1+json || application/json]}" onto public java.lang.Object org.springframework.boot.actuate.endpoint.mvc.EndpointMvcAdapter.invoke()
2017-07-23 23:55:39.026  INFO 7964 --- [main] o.s.b.a.e.mvc.EndpointHandlerMapping     : Mapped "{[/heapdump || /heapdump.json],methods=[GET],produces=[application/octet-stream]}" onto public void org.springframework.boot.actuate.endpoint.mvc.HeapdumpMvcEndpoint.invoke(boolean,javax.servlet.http.HttpServletRequest,javax.servlet.http.HttpServletResponse) throws java.io.IOException,javax.servlet.ServletException
2017-07-23 23:55:39.027  INFO 7964 --- [main] o.s.b.a.e.mvc.EndpointHandlerMapping     : Mapped "{[/beans || /beans.json],methods=[GET],produces=[application/vnd.spring-boot.actuator.v1+json || application/json]}" onto public java.lang.Object org.springframework.boot.actuate.endpoint.mvc.EndpointMvcAdapter.invoke()
2017-07-23 23:55:39.316  INFO 7964 --- [main] o.s.j.e.a.AnnotationMBeanExporter        : Registering beans for JMX exposure on startup
2017-07-23 23:55:39.327  INFO 7964 --- [main] o.s.c.support.DefaultLifecycleProcessor  : Starting beans in phase 0
2017-07-23 23:55:39.392  INFO 7964 --- [main] o.e.jetty.ContextHandler.application     : Initializing Spring FrameworkServlet 'dispatcherServlet'
2017-07-23 23:55:39.392  INFO 7964 --- [main] o.s.web.servlet.DispatcherServlet        : FrameworkServlet 'dispatcherServlet': initialization started
2017-07-23 23:55:39.404  INFO 7964 --- [main] o.s.web.servlet.DispatcherServlet        : FrameworkServlet 'dispatcherServlet': initialization completed in 12 ms
2017-07-23 23:55:39.415  INFO 7964 --- [main] o.e.jetty.server.AbstractConnector       : Started ServerConnector@6ed922e1{HTTP/1.1,[http/1.1]}{0.0.0.0:8080}
2017-07-23 23:55:39.418  INFO 7964 --- [main] .s.b.c.e.j.JettyEmbeddedServletContainer : Jetty started on port(s) 8080 (http/1.1)
2017-07-23 23:55:39.422  INFO 7964 --- [main] s.controller.SpringBootWebApplication    : Started SpringBootWebApplication in 3.792 seconds (JVM running for 4.605)
2017-07-23 23:57:02.047  INFO 7964 --- [RMI TCP Connection(11)-127.0.0.1] inMXBeanRegistrar$SpringApplicationAdmin : Application shutdown requested.
2017-07-23 23:57:02.048  INFO 7964 --- [RMI TCP Connection(11)-127.0.0.1] ationConfigEmbeddedWebApplicationContext : Closing org.springframework.boot.context.embedded.AnnotationConfigEmbeddedWebApplicationContext@23282c25: startup date [Sun Jul 23 23:55:36 JST 2017]; root of context hierarchy
2017-07-23 23:57:02.050  INFO 7964 --- [RMI TCP Connection(11)-127.0.0.1] o.s.c.support.DefaultLifecycleProcessor  : Stopping beans in phase 0
2017-07-23 23:57:02.051  INFO 7964 --- [RMI TCP Connection(11)-127.0.0.1] o.s.j.e.a.AnnotationMBeanExporter        : Unregistering JMX-exposed beans on shutdown
2017-07-23 23:57:02.057  INFO 7964 --- [RMI TCP Connection(11)-127.0.0.1] o.e.jetty.server.AbstractConnector       : Stopped ServerConnector@6ed922e1{HTTP/1.1,[http/1.1]}{0.0.0.0:8080}
2017-07-23 23:57:02.057  INFO 7964 --- [RMI TCP Connection(11)-127.0.0.1] org.eclipse.jetty.server.session         : Stopped scavenging
2017-07-23 23:57:02.061  INFO 7964 --- [RMI TCP Connection(11)-127.0.0.1] o.e.jetty.ContextHandler.application     : Destroying Spring FrameworkServlet 'dispatcherServlet'
2017-07-23 23:57:02.062  INFO 7964 --- [RMI TCP Connection(11)-127.0.0.1] o.e.jetty.server.handler.ContextHandler  : Stopped o.s.b.c.e.j.JettyEmbeddedWebAppContext@dcc6211{/,[file:///C:/Users/pinku/AppData/Local/Temp/jetty-docbase.6534956354840071229.8080/],UNAVAILABLE}
2017-07-24 00:04:03.144  INFO 444 --- [main] s.controller.SpringBootWebApplication    : Starting SpringBootWebApplication on pinku-pc with PID 444 (C:\Users\pinku\eclipse-workspace\summertag\bin started by pinku in C:\Users\pinku\eclipse-workspace\summertag)
2017-07-24 00:04:03.148  INFO 444 --- [main] s.controller.SpringBootWebApplication    : No active profile set, falling back to default profiles: default
2017-07-24 00:04:03.356  INFO 444 --- [main] ationConfigEmbeddedWebApplicationContext : Refreshing org.springframework.boot.context.embedded.AnnotationConfigEmbeddedWebApplicationContext@4b168fa9: startup date [Mon Jul 24 00:04:03 JST 2017]; root of context hierarchy
2017-07-24 00:04:04.448  INFO 444 --- [main] trationDelegate$BeanPostProcessorChecker : Bean 'org.springframework.transaction.annotation.ProxyTransactionManagementConfiguration' of type [org.springframework.transaction.annotation.ProxyTransactionManagementConfiguration$$EnhancerBySpringCGLIB$$98c37a64] is not eligible for getting processed by all BeanPostProcessors (for example: not eligible for auto-proxying)
2017-07-24 00:04:04.587  INFO 444 --- [main] org.eclipse.jetty.util.log               : Logging initialized @2286ms to org.eclipse.jetty.util.log.Slf4jLog
2017-07-24 00:04:04.640  INFO 444 --- [main] e.j.JettyEmbeddedServletContainerFactory : Server initialized with port: 8080
2017-07-24 00:04:04.641  INFO 444 --- [main] org.eclipse.jetty.server.Server          : jetty-9.4.2.v20170220
2017-07-24 00:04:04.711  INFO 444 --- [main] org.eclipse.jetty.server.session         : DefaultSessionIdManager workerName=node0
2017-07-24 00:04:04.712  INFO 444 --- [main] org.eclipse.jetty.server.session         : No SessionScavenger set, using defaults
2017-07-24 00:04:04.713  INFO 444 --- [main] org.eclipse.jetty.server.session         : Scavenging every 660000ms
2017-07-24 00:04:04.717  INFO 444 --- [main] o.e.jetty.ContextHandler.application     : Initializing Spring embedded WebApplicationContext
2017-07-24 00:04:04.718  INFO 444 --- [main] o.s.web.context.ContextLoader            : Root WebApplicationContext: initialization completed in 1366 ms
2017-07-24 00:04:04.875  INFO 444 --- [main] o.s.b.w.servlet.ServletRegistrationBean  : Mapping servlet: 'dispatcherServlet' to [/]
2017-07-24 00:04:04.877  INFO 444 --- [main] o.s.b.w.servlet.FilterRegistrationBean   : Mapping filter: 'metricsFilter' to: [/*]
2017-07-24 00:04:04.877  INFO 444 --- [main] o.s.b.w.servlet.FilterRegistrationBean   : Mapping filter: 'characterEncodingFilter' to: [/*]
2017-07-24 00:04:04.877  INFO 444 --- [main] o.s.b.w.servlet.FilterRegistrationBean   : Mapping filter: 'hiddenHttpMethodFilter' to: [/*]
2017-07-24 00:04:04.877  INFO 444 --- [main] o.s.b.w.servlet.FilterRegistrationBean   : Mapping filter: 'httpPutFormContentFilter' to: [/*]
2017-07-24 00:04:04.877  INFO 444 --- [main] o.s.b.w.servlet.FilterRegistrationBean   : Mapping filter: 'requestContextFilter' to: [/*]
2017-07-24 00:04:04.877  INFO 444 --- [main] o.s.b.w.servlet.FilterRegistrationBean   : Mapping filter: 'webRequestLoggingFilter' to: [/*]
2017-07-24 00:04:04.877  INFO 444 --- [main] o.s.b.w.servlet.FilterRegistrationBean   : Mapping filter: 'applicationContextIdFilter' to: [/*]
2017-07-24 00:04:05.093  INFO 444 --- [main] o.e.jetty.server.handler.ContextHandler  : Started o.s.b.c.e.j.JettyEmbeddedWebAppContext@203c20cf{/,[file:///C:/Users/pinku/AppData/Local/Temp/jetty-docbase.8072314039393686947.8080/],AVAILABLE}
2017-07-24 00:04:05.093  INFO 444 --- [main] org.eclipse.jetty.server.Server          : Started @2792ms
2017-07-24 00:04:05.130  INFO 444 --- [main] o.s.j.d.DriverManagerDataSource          : Loaded JDBC driver: com.mysql.jdbc.Driver
2017-07-24 00:04:05.576  INFO 444 --- [main] s.w.s.m.m.a.RequestMappingHandlerAdapter : Looking for @ControllerAdvice: org.springframework.boot.context.embedded.AnnotationConfigEmbeddedWebApplicationContext@4b168fa9: startup date [Mon Jul 24 00:04:03 JST 2017]; root of context hierarchy
2017-07-24 00:04:05.625  INFO 444 --- [main] s.w.s.m.m.a.RequestMappingHandlerMapping : Mapped "{[/],methods=[GET]}" onto public java.lang.String summer.controller.LoginController.home(org.springframework.ui.Model,javax.servlet.http.HttpServletRequest,javax.servlet.http.HttpSession)
2017-07-24 00:04:05.626  INFO 444 --- [main] s.w.s.m.m.a.RequestMappingHandlerMapping : Mapped "{[/login],methods=[POST]}" onto public java.lang.String summer.controller.LoginController.login(org.springframework.ui.Model,summer.formmodel.LoginForm,javax.servlet.http.HttpServletResponse,javax.servlet.http.HttpSession)
2017-07-24 00:04:05.627  INFO 444 --- [main] s.w.s.m.m.a.RequestMappingHandlerMapping : Mapped "{[/mainpage],methods=[GET]}" onto public java.lang.String summer.controller.MainPageController.homemain(org.springframework.ui.Model,javax.servlet.http.HttpServletRequest,javax.servlet.http.HttpSession)
2017-07-24 00:04:05.629  INFO 444 --- [main] s.w.s.m.m.a.RequestMappingHandlerMapping : Mapped "{[/error]}" onto public org.springframework.http.ResponseEntity<java.util.Map<java.lang.String, java.lang.Object>> org.springframework.boot.autoconfigure.web.BasicErrorController.error(javax.servlet.http.HttpServletRequest)
2017-07-24 00:04:05.629  INFO 444 --- [main] s.w.s.m.m.a.RequestMappingHandlerMapping : Mapped "{[/error],produces=[text/html]}" onto public org.springframework.web.servlet.ModelAndView org.springframework.boot.autoconfigure.web.BasicErrorController.errorHtml(javax.servlet.http.HttpServletRequest,javax.servlet.http.HttpServletResponse)
2017-07-24 00:04:05.658  INFO 444 --- [main] o.s.w.s.handler.SimpleUrlHandlerMapping  : Mapped URL path [/webjars/**] onto handler of type [class org.springframework.web.servlet.resource.ResourceHttpRequestHandler]
2017-07-24 00:04:05.658  INFO 444 --- [main] o.s.w.s.handler.SimpleUrlHandlerMapping  : Mapped URL path [/**] onto handler of type [class org.springframework.web.servlet.resource.ResourceHttpRequestHandler]
2017-07-24 00:04:05.692  INFO 444 --- [main] o.s.w.s.handler.SimpleUrlHandlerMapping  : Mapped URL path [/**/favicon.ico] onto handler of type [class org.springframework.web.servlet.resource.ResourceHttpRequestHandler]
2017-07-24 00:04:06.170  INFO 444 --- [main] o.s.b.a.e.mvc.EndpointHandlerMapping     : Mapped "{[/beans || /beans.json],methods=[GET],produces=[application/vnd.spring-boot.actuator.v1+json || application/json]}" onto public java.lang.Object org.springframework.boot.actuate.endpoint.mvc.EndpointMvcAdapter.invoke()
2017-07-24 00:04:06.171  INFO 444 --- [main] o.s.b.a.e.mvc.EndpointHandlerMapping     : Mapped "{[/metrics/{name:.*}],methods=[GET],produces=[application/vnd.spring-boot.actuator.v1+json || application/json]}" onto public java.lang.Object org.springframework.boot.actuate.endpoint.mvc.MetricsMvcEndpoint.value(java.lang.String)
2017-07-24 00:04:06.171  INFO 444 --- [main] o.s.b.a.e.mvc.EndpointHandlerMapping     : Mapped "{[/metrics || /metrics.json],methods=[GET],produces=[application/vnd.spring-boot.actuator.v1+json || application/json]}" onto public java.lang.Object org.springframework.boot.actuate.endpoint.mvc.EndpointMvcAdapter.invoke()
2017-07-24 00:04:06.171  INFO 444 --- [main] o.s.b.a.e.mvc.EndpointHandlerMapping     : Mapped "{[/mappings || /mappings.json],methods=[GET],produces=[application/vnd.spring-boot.actuator.v1+json || application/json]}" onto public java.lang.Object org.springframework.boot.actuate.endpoint.mvc.EndpointMvcAdapter.invoke()
2017-07-24 00:04:06.172  INFO 444 --- [main] o.s.b.a.e.mvc.EndpointHandlerMapping     : Mapped "{[/dump || /dump.json],methods=[GET],produces=[application/vnd.spring-boot.actuator.v1+json || application/json]}" onto public java.lang.Object org.springframework.boot.actuate.endpoint.mvc.EndpointMvcAdapter.invoke()
2017-07-24 00:04:06.172  INFO 444 --- [main] o.s.b.a.e.mvc.EndpointHandlerMapping     : Mapped "{[/health || /health.json],methods=[GET],produces=[application/vnd.spring-boot.actuator.v1+json || application/json]}" onto public java.lang.Object org.springframework.boot.actuate.endpoint.mvc.HealthMvcEndpoint.invoke(javax.servlet.http.HttpServletRequest,java.security.Principal)
2017-07-24 00:04:06.173  INFO 444 --- [main] o.s.b.a.e.mvc.EndpointHandlerMapping     : Mapped "{[/configprops || /configprops.json],methods=[GET],produces=[application/vnd.spring-boot.actuator.v1+json || application/json]}" onto public java.lang.Object org.springframework.boot.actuate.endpoint.mvc.EndpointMvcAdapter.invoke()
2017-07-24 00:04:06.174  INFO 444 --- [main] o.s.b.a.e.mvc.EndpointHandlerMapping     : Mapped "{[/logfile || /logfile.json],methods=[GET || HEAD]}" onto public void org.springframework.boot.actuate.endpoint.mvc.LogFileMvcEndpoint.invoke(javax.servlet.http.HttpServletRequest,javax.servlet.http.HttpServletResponse) throws javax.servlet.ServletException,java.io.IOException
2017-07-24 00:04:06.175  INFO 444 --- [main] o.s.b.a.e.mvc.EndpointHandlerMapping     : Mapped "{[/autoconfig || /autoconfig.json],methods=[GET],produces=[application/vnd.spring-boot.actuator.v1+json || application/json]}" onto public java.lang.Object org.springframework.boot.actuate.endpoint.mvc.EndpointMvcAdapter.invoke()
2017-07-24 00:04:06.176  INFO 444 --- [main] o.s.b.a.e.mvc.EndpointHandlerMapping     : Mapped "{[/env/{name:.*}],methods=[GET],produces=[application/vnd.spring-boot.actuator.v1+json || application/json]}" onto public java.lang.Object org.springframework.boot.actuate.endpoint.mvc.EnvironmentMvcEndpoint.value(java.lang.String)
2017-07-24 00:04:06.176  INFO 444 --- [main] o.s.b.a.e.mvc.EndpointHandlerMapping     : Mapped "{[/env || /env.json],methods=[GET],produces=[application/vnd.spring-boot.actuator.v1+json || application/json]}" onto public java.lang.Object org.springframework.boot.actuate.endpoint.mvc.EndpointMvcAdapter.invoke()
2017-07-24 00:04:06.176  INFO 444 --- [main] o.s.b.a.e.mvc.EndpointHandlerMapping     : Mapped "{[/info || /info.json],methods=[GET],produces=[application/vnd.spring-boot.actuator.v1+json || application/json]}" onto public java.lang.Object org.springframework.boot.actuate.endpoint.mvc.EndpointMvcAdapter.invoke()
2017-07-24 00:04:06.177  INFO 444 --- [main] o.s.b.a.e.mvc.EndpointHandlerMapping     : Mapped "{[/trace || /trace.json],methods=[GET],produces=[application/vnd.spring-boot.actuator.v1+json || application/json]}" onto public java.lang.Object org.springframework.boot.actuate.endpoint.mvc.EndpointMvcAdapter.invoke()
2017-07-24 00:04:06.177  INFO 444 --- [main] o.s.b.a.e.mvc.EndpointHandlerMapping     : Mapped "{[/auditevents || /auditevents.json],methods=[GET],produces=[application/vnd.spring-boot.actuator.v1+json || application/json]}" onto public org.springframework.http.ResponseEntity<?> org.springframework.boot.actuate.endpoint.mvc.AuditEventsMvcEndpoint.findByPrincipalAndAfterAndType(java.lang.String,java.util.Date,java.lang.String)
2017-07-24 00:04:06.179  INFO 444 --- [main] o.s.b.a.e.mvc.EndpointHandlerMapping     : Mapped "{[/loggers/{name:.*}],methods=[GET],produces=[application/vnd.spring-boot.actuator.v1+json || application/json]}" onto public java.lang.Object org.springframework.boot.actuate.endpoint.mvc.LoggersMvcEndpoint.get(java.lang.String)
2017-07-24 00:04:06.180  INFO 444 --- [main] o.s.b.a.e.mvc.EndpointHandlerMapping     : Mapped "{[/loggers/{name:.*}],methods=[POST],consumes=[application/vnd.spring-boot.actuator.v1+json || application/json],produces=[application/vnd.spring-boot.actuator.v1+json || application/json]}" onto public java.lang.Object org.springframework.boot.actuate.endpoint.mvc.LoggersMvcEndpoint.set(java.lang.String,java.util.Map<java.lang.String, java.lang.String>)
2017-07-24 00:04:06.180  INFO 444 --- [main] o.s.b.a.e.mvc.EndpointHandlerMapping     : Mapped "{[/loggers || /loggers.json],methods=[GET],produces=[application/vnd.spring-boot.actuator.v1+json || application/json]}" onto public java.lang.Object org.springframework.boot.actuate.endpoint.mvc.EndpointMvcAdapter.invoke()
2017-07-24 00:04:06.181  INFO 444 --- [main] o.s.b.a.e.mvc.EndpointHandlerMapping     : Mapped "{[/heapdump || /heapdump.json],methods=[GET],produces=[application/octet-stream]}" onto public void org.springframework.boot.actuate.endpoint.mvc.HeapdumpMvcEndpoint.invoke(boolean,javax.servlet.http.HttpServletRequest,javax.servlet.http.HttpServletResponse) throws java.io.IOException,javax.servlet.ServletException
2017-07-24 00:04:06.541  INFO 444 --- [main] o.s.j.e.a.AnnotationMBeanExporter        : Registering beans for JMX exposure on startup
2017-07-24 00:04:06.552  INFO 444 --- [main] o.s.c.support.DefaultLifecycleProcessor  : Starting beans in phase 0
2017-07-24 00:04:06.622  INFO 444 --- [main] o.e.jetty.ContextHandler.application     : Initializing Spring FrameworkServlet 'dispatcherServlet'
2017-07-24 00:04:06.622  INFO 444 --- [main] o.s.web.servlet.DispatcherServlet        : FrameworkServlet 'dispatcherServlet': initialization started
2017-07-24 00:04:06.636  INFO 444 --- [main] o.s.web.servlet.DispatcherServlet        : FrameworkServlet 'dispatcherServlet': initialization completed in 14 ms
2017-07-24 00:04:06.648  INFO 444 --- [main] o.e.jetty.server.AbstractConnector       : Started ServerConnector@54d1608f{HTTP/1.1,[http/1.1]}{0.0.0.0:8080}
2017-07-24 00:04:06.650  INFO 444 --- [main] .s.b.c.e.j.JettyEmbeddedServletContainer : Jetty started on port(s) 8080 (http/1.1)
2017-07-24 00:04:06.654  INFO 444 --- [main] s.controller.SpringBootWebApplication    : Started SpringBootWebApplication in 3.747 seconds (JVM running for 4.353)
2017-07-24 00:04:13.780  INFO 444 --- [qtp1340086275-26] summer.controller.LoginController        : [INFO] home called
2017-07-24 00:04:13.780  WARN 444 --- [qtp1340086275-26] summer.controller.LoginController        : [WARN] home called
2017-07-24 00:04:36.161  INFO 444 --- [qtp1340086275-25] summer.controller.LoginController        : [INFO] home called
2017-07-24 00:04:36.162  WARN 444 --- [qtp1340086275-25] summer.controller.LoginController        : [WARN] home called
2017-07-24 00:12:39.085  INFO 444 --- [RMI TCP Connection(17)-127.0.0.1] inMXBeanRegistrar$SpringApplicationAdmin : Application shutdown requested.
2017-07-24 00:12:39.085  INFO 444 --- [RMI TCP Connection(17)-127.0.0.1] ationConfigEmbeddedWebApplicationContext : Closing org.springframework.boot.context.embedded.AnnotationConfigEmbeddedWebApplicationContext@4b168fa9: startup date [Mon Jul 24 00:04:03 JST 2017]; root of context hierarchy
2017-07-24 00:12:39.088  INFO 444 --- [RMI TCP Connection(17)-127.0.0.1] o.s.c.support.DefaultLifecycleProcessor  : Stopping beans in phase 0
2017-07-24 00:12:39.090  INFO 444 --- [RMI TCP Connection(17)-127.0.0.1] o.s.j.e.a.AnnotationMBeanExporter        : Unregistering JMX-exposed beans on shutdown
2017-07-24 00:12:39.098  INFO 444 --- [RMI TCP Connection(17)-127.0.0.1] o.e.jetty.server.AbstractConnector       : Stopped ServerConnector@54d1608f{HTTP/1.1,[http/1.1]}{0.0.0.0:8080}
2017-07-24 00:12:39.100  INFO 444 --- [RMI TCP Connection(17)-127.0.0.1] org.eclipse.jetty.server.session         : Stopped scavenging
2017-07-24 00:12:39.106  INFO 444 --- [RMI TCP Connection(17)-127.0.0.1] o.e.jetty.ContextHandler.application     : Destroying Spring FrameworkServlet 'dispatcherServlet'
2017-07-24 00:12:39.112  INFO 444 --- [RMI TCP Connection(17)-127.0.0.1] o.e.jetty.server.handler.ContextHandler  : Stopped o.s.b.c.e.j.JettyEmbeddedWebAppContext@203c20cf{/,[file:///C:/Users/pinku/AppData/Local/Temp/jetty-docbase.8072314039393686947.8080/],UNAVAILABLE}
2017-07-24 07:05:57.527  INFO 8488 --- [main] s.controller.SpringBootWebApplication    : Starting SpringBootWebApplication on pinku-pc with PID 8488 (C:\Users\pinku\eclipse-workspace\summertag\bin started by pinku in C:\Users\pinku\eclipse-workspace\summertag)
2017-07-24 07:05:57.531  INFO 8488 --- [main] s.controller.SpringBootWebApplication    : No active profile set, falling back to default profiles: default
2017-07-24 07:05:57.939  INFO 8488 --- [main] ationConfigEmbeddedWebApplicationContext : Refreshing org.springframework.boot.context.embedded.AnnotationConfigEmbeddedWebApplicationContext@4b168fa9: startup date [Mon Jul 24 07:05:57 JST 2017]; root of context hierarchy
2017-07-24 07:05:59.282  INFO 8488 --- [main] trationDelegate$BeanPostProcessorChecker : Bean 'org.springframework.transaction.annotation.ProxyTransactionManagementConfiguration' of type [org.springframework.transaction.annotation.ProxyTransactionManagementConfiguration$$EnhancerBySpringCGLIB$$a4747cef] is not eligible for getting processed by all BeanPostProcessors (for example: not eligible for auto-proxying)
2017-07-24 07:05:59.460  INFO 8488 --- [main] org.eclipse.jetty.util.log               : Logging initialized @3474ms to org.eclipse.jetty.util.log.Slf4jLog
2017-07-24 07:05:59.524  INFO 8488 --- [main] e.j.JettyEmbeddedServletContainerFactory : Server initialized with port: 8080
2017-07-24 07:05:59.525  INFO 8488 --- [main] org.eclipse.jetty.server.Server          : jetty-9.4.2.v20170220
2017-07-24 07:05:59.748  INFO 8488 --- [main] org.eclipse.jetty.server.session         : DefaultSessionIdManager workerName=node0
2017-07-24 07:05:59.748  INFO 8488 --- [main] org.eclipse.jetty.server.session         : No SessionScavenger set, using defaults
2017-07-24 07:05:59.750  INFO 8488 --- [main] org.eclipse.jetty.server.session         : Scavenging every 600000ms
2017-07-24 07:05:59.758  INFO 8488 --- [main] o.e.jetty.ContextHandler.application     : Initializing Spring embedded WebApplicationContext
2017-07-24 07:05:59.759  INFO 8488 --- [main] o.s.web.context.ContextLoader            : Root WebApplicationContext: initialization completed in 1825 ms
2017-07-24 07:06:00.034  INFO 8488 --- [main] o.s.b.w.servlet.ServletRegistrationBean  : Mapping servlet: 'dispatcherServlet' to [/]
2017-07-24 07:06:00.038  INFO 8488 --- [main] o.s.b.w.servlet.FilterRegistrationBean   : Mapping filter: 'metricsFilter' to: [/*]
2017-07-24 07:06:00.039  INFO 8488 --- [main] o.s.b.w.servlet.FilterRegistrationBean   : Mapping filter: 'characterEncodingFilter' to: [/*]
2017-07-24 07:06:00.039  INFO 8488 --- [main] o.s.b.w.servlet.FilterRegistrationBean   : Mapping filter: 'hiddenHttpMethodFilter' to: [/*]
2017-07-24 07:06:00.039  INFO 8488 --- [main] o.s.b.w.servlet.FilterRegistrationBean   : Mapping filter: 'httpPutFormContentFilter' to: [/*]
2017-07-24 07:06:00.039  INFO 8488 --- [main] o.s.b.w.servlet.FilterRegistrationBean   : Mapping filter: 'requestContextFilter' to: [/*]
2017-07-24 07:06:00.039  INFO 8488 --- [main] o.s.b.w.servlet.FilterRegistrationBean   : Mapping filter: 'webRequestLoggingFilter' to: [/*]
2017-07-24 07:06:00.040  INFO 8488 --- [main] o.s.b.w.servlet.FilterRegistrationBean   : Mapping filter: 'applicationContextIdFilter' to: [/*]
2017-07-24 07:06:00.348  INFO 8488 --- [main] o.e.jetty.server.handler.ContextHandler  : Started o.s.b.c.e.j.JettyEmbeddedWebAppContext@3e1624c7{/,[file:///C:/Users/pinku/AppData/Local/Temp/jetty-docbase.2481004426767440941.8080/],AVAILABLE}
2017-07-24 07:06:00.348  INFO 8488 --- [main] org.eclipse.jetty.server.Server          : Started @4363ms
2017-07-24 07:06:00.396  INFO 8488 --- [main] o.s.j.d.DriverManagerDataSource          : Loaded JDBC driver: com.mysql.jdbc.Driver
2017-07-24 07:06:00.959  INFO 8488 --- [main] s.w.s.m.m.a.RequestMappingHandlerAdapter : Looking for @ControllerAdvice: org.springframework.boot.context.embedded.AnnotationConfigEmbeddedWebApplicationContext@4b168fa9: startup date [Mon Jul 24 07:05:57 JST 2017]; root of context hierarchy
2017-07-24 07:06:01.026  INFO 8488 --- [main] s.w.s.m.m.a.RequestMappingHandlerMapping : Mapped "{[/],methods=[GET]}" onto public java.lang.String summer.controller.LoginController.home(org.springframework.ui.Model,javax.servlet.http.HttpServletRequest,javax.servlet.http.HttpSession)
2017-07-24 07:06:01.027  INFO 8488 --- [main] s.w.s.m.m.a.RequestMappingHandlerMapping : Mapped "{[/login],methods=[POST]}" onto public java.lang.String summer.controller.LoginController.login(org.springframework.ui.Model,summer.formmodel.LoginForm,javax.servlet.http.HttpServletResponse,javax.servlet.http.HttpSession)
2017-07-24 07:06:01.027  INFO 8488 --- [main] s.w.s.m.m.a.RequestMappingHandlerMapping : Mapped "{[/mainpage],methods=[GET]}" onto public java.lang.String summer.controller.MainPageController.homemain(org.springframework.ui.Model,javax.servlet.http.HttpServletRequest,javax.servlet.http.HttpSession)
2017-07-24 07:06:01.029  INFO 8488 --- [main] s.w.s.m.m.a.RequestMappingHandlerMapping : Mapped "{[/error]}" onto public org.springframework.http.ResponseEntity<java.util.Map<java.lang.String, java.lang.Object>> org.springframework.boot.autoconfigure.web.BasicErrorController.error(javax.servlet.http.HttpServletRequest)
2017-07-24 07:06:01.030  INFO 8488 --- [main] s.w.s.m.m.a.RequestMappingHandlerMapping : Mapped "{[/error],produces=[text/html]}" onto public org.springframework.web.servlet.ModelAndView org.springframework.boot.autoconfigure.web.BasicErrorController.errorHtml(javax.servlet.http.HttpServletRequest,javax.servlet.http.HttpServletResponse)
2017-07-24 07:06:01.065  INFO 8488 --- [main] o.s.w.s.handler.SimpleUrlHandlerMapping  : Mapped URL path [/webjars/**] onto handler of type [class org.springframework.web.servlet.resource.ResourceHttpRequestHandler]
2017-07-24 07:06:01.065  INFO 8488 --- [main] o.s.w.s.handler.SimpleUrlHandlerMapping  : Mapped URL path [/**] onto handler of type [class org.springframework.web.servlet.resource.ResourceHttpRequestHandler]
2017-07-24 07:06:01.104  INFO 8488 --- [main] o.s.w.s.handler.SimpleUrlHandlerMapping  : Mapped URL path [/**/favicon.ico] onto handler of type [class org.springframework.web.servlet.resource.ResourceHttpRequestHandler]
2017-07-24 07:06:01.763  INFO 8488 --- [main] o.s.b.a.e.mvc.EndpointHandlerMapping     : Mapped "{[/configprops || /configprops.json],methods=[GET],produces=[application/vnd.spring-boot.actuator.v1+json || application/json]}" onto public java.lang.Object org.springframework.boot.actuate.endpoint.mvc.EndpointMvcAdapter.invoke()
2017-07-24 07:06:01.764  INFO 8488 --- [main] o.s.b.a.e.mvc.EndpointHandlerMapping     : Mapped "{[/logfile || /logfile.json],methods=[GET || HEAD]}" onto public void org.springframework.boot.actuate.endpoint.mvc.LogFileMvcEndpoint.invoke(javax.servlet.http.HttpServletRequest,javax.servlet.http.HttpServletResponse) throws javax.servlet.ServletException,java.io.IOException
2017-07-24 07:06:01.765  INFO 8488 --- [main] o.s.b.a.e.mvc.EndpointHandlerMapping     : Mapped "{[/beans || /beans.json],methods=[GET],produces=[application/vnd.spring-boot.actuator.v1+json || application/json]}" onto public java.lang.Object org.springframework.boot.actuate.endpoint.mvc.EndpointMvcAdapter.invoke()
2017-07-24 07:06:01.765  INFO 8488 --- [main] o.s.b.a.e.mvc.EndpointHandlerMapping     : Mapped "{[/autoconfig || /autoconfig.json],methods=[GET],produces=[application/vnd.spring-boot.actuator.v1+json || application/json]}" onto public java.lang.Object org.springframework.boot.actuate.endpoint.mvc.EndpointMvcAdapter.invoke()
2017-07-24 07:06:01.766  INFO 8488 --- [main] o.s.b.a.e.mvc.EndpointHandlerMapping     : Mapped "{[/heapdump || /heapdump.json],methods=[GET],produces=[application/octet-stream]}" onto public void org.springframework.boot.actuate.endpoint.mvc.HeapdumpMvcEndpoint.invoke(boolean,javax.servlet.http.HttpServletRequest,javax.servlet.http.HttpServletResponse) throws java.io.IOException,javax.servlet.ServletException
2017-07-24 07:06:01.767  INFO 8488 --- [main] o.s.b.a.e.mvc.EndpointHandlerMapping     : Mapped "{[/metrics/{name:.*}],methods=[GET],produces=[application/vnd.spring-boot.actuator.v1+json || application/json]}" onto public java.lang.Object org.springframework.boot.actuate.endpoint.mvc.MetricsMvcEndpoint.value(java.lang.String)
2017-07-24 07:06:01.767  INFO 8488 --- [main] o.s.b.a.e.mvc.EndpointHandlerMapping     : Mapped "{[/metrics || /metrics.json],methods=[GET],produces=[application/vnd.spring-boot.actuator.v1+json || application/json]}" onto public java.lang.Object org.springframework.boot.actuate.endpoint.mvc.EndpointMvcAdapter.invoke()
2017-07-24 07:06:01.768  INFO 8488 --- [main] o.s.b.a.e.mvc.EndpointHandlerMapping     : Mapped "{[/health || /health.json],methods=[GET],produces=[application/vnd.spring-boot.actuator.v1+json || application/json]}" onto public java.lang.Object org.springframework.boot.actuate.endpoint.mvc.HealthMvcEndpoint.invoke(javax.servlet.http.HttpServletRequest,java.security.Principal)
2017-07-24 07:06:01.769  INFO 8488 --- [main] o.s.b.a.e.mvc.EndpointHandlerMapping     : Mapped "{[/auditevents || /auditevents.json],methods=[GET],produces=[application/vnd.spring-boot.actuator.v1+json || application/json]}" onto public org.springframework.http.ResponseEntity<?> org.springframework.boot.actuate.endpoint.mvc.AuditEventsMvcEndpoint.findByPrincipalAndAfterAndType(java.lang.String,java.util.Date,java.lang.String)
2017-07-24 07:06:01.770  INFO 8488 --- [main] o.s.b.a.e.mvc.EndpointHandlerMapping     : Mapped "{[/dump || /dump.json],methods=[GET],produces=[application/vnd.spring-boot.actuator.v1+json || application/json]}" onto public java.lang.Object org.springframework.boot.actuate.endpoint.mvc.EndpointMvcAdapter.invoke()
2017-07-24 07:06:01.771  INFO 8488 --- [main] o.s.b.a.e.mvc.EndpointHandlerMapping     : Mapped "{[/env/{name:.*}],methods=[GET],produces=[application/vnd.spring-boot.actuator.v1+json || application/json]}" onto public java.lang.Object org.springframework.boot.actuate.endpoint.mvc.EnvironmentMvcEndpoint.value(java.lang.String)
2017-07-24 07:06:01.771  INFO 8488 --- [main] o.s.b.a.e.mvc.EndpointHandlerMapping     : Mapped "{[/env || /env.json],methods=[GET],produces=[application/vnd.spring-boot.actuator.v1+json || application/json]}" onto public java.lang.Object org.springframework.boot.actuate.endpoint.mvc.EndpointMvcAdapter.invoke()
2017-07-24 07:06:01.773  INFO 8488 --- [main] o.s.b.a.e.mvc.EndpointHandlerMapping     : Mapped "{[/loggers/{name:.*}],methods=[GET],produces=[application/vnd.spring-boot.actuator.v1+json || application/json]}" onto public java.lang.Object org.springframework.boot.actuate.endpoint.mvc.LoggersMvcEndpoint.get(java.lang.String)
2017-07-24 07:06:01.773  INFO 8488 --- [main] o.s.b.a.e.mvc.EndpointHandlerMapping     : Mapped "{[/loggers/{name:.*}],methods=[POST],consumes=[application/vnd.spring-boot.actuator.v1+json || application/json],produces=[application/vnd.spring-boot.actuator.v1+json || application/json]}" onto public java.lang.Object org.springframework.boot.actuate.endpoint.mvc.LoggersMvcEndpoint.set(java.lang.String,java.util.Map<java.lang.String, java.lang.String>)
2017-07-24 07:06:01.773  INFO 8488 --- [main] o.s.b.a.e.mvc.EndpointHandlerMapping     : Mapped "{[/loggers || /loggers.json],methods=[GET],produces=[application/vnd.spring-boot.actuator.v1+json || application/json]}" onto public java.lang.Object org.springframework.boot.actuate.endpoint.mvc.EndpointMvcAdapter.invoke()
2017-07-24 07:06:01.774  INFO 8488 --- [main] o.s.b.a.e.mvc.EndpointHandlerMapping     : Mapped "{[/mappings || /mappings.json],methods=[GET],produces=[application/vnd.spring-boot.actuator.v1+json || application/json]}" onto public java.lang.Object org.springframework.boot.actuate.endpoint.mvc.EndpointMvcAdapter.invoke()
2017-07-24 07:06:01.775  INFO 8488 --- [main] o.s.b.a.e.mvc.EndpointHandlerMapping     : Mapped "{[/info || /info.json],methods=[GET],produces=[application/vnd.spring-boot.actuator.v1+json || application/json]}" onto public java.lang.Object org.springframework.boot.actuate.endpoint.mvc.EndpointMvcAdapter.invoke()
2017-07-24 07:06:01.775  INFO 8488 --- [main] o.s.b.a.e.mvc.EndpointHandlerMapping     : Mapped "{[/trace || /trace.json],methods=[GET],produces=[application/vnd.spring-boot.actuator.v1+json || application/json]}" onto public java.lang.Object org.springframework.boot.actuate.endpoint.mvc.EndpointMvcAdapter.invoke()
2017-07-24 07:06:02.183  INFO 8488 --- [main] o.s.j.e.a.AnnotationMBeanExporter        : Registering beans for JMX exposure on startup
2017-07-24 07:06:02.197  INFO 8488 --- [main] o.s.c.support.DefaultLifecycleProcessor  : Starting beans in phase 0
2017-07-24 07:06:02.285  INFO 8488 --- [main] o.e.jetty.ContextHandler.application     : Initializing Spring FrameworkServlet 'dispatcherServlet'
2017-07-24 07:06:02.285  INFO 8488 --- [main] o.s.web.servlet.DispatcherServlet        : FrameworkServlet 'dispatcherServlet': initialization started
2017-07-24 07:06:02.301  INFO 8488 --- [main] o.s.web.servlet.DispatcherServlet        : FrameworkServlet 'dispatcherServlet': initialization completed in 16 ms
2017-07-24 07:06:02.314  INFO 8488 --- [main] o.e.jetty.server.AbstractConnector       : Started ServerConnector@4b5a078a{HTTP/1.1,[http/1.1]}{0.0.0.0:8080}
2017-07-24 07:06:02.316  INFO 8488 --- [main] .s.b.c.e.j.JettyEmbeddedServletContainer : Jetty started on port(s) 8080 (http/1.1)
2017-07-24 07:06:02.322  INFO 8488 --- [main] s.controller.SpringBootWebApplication    : Started SpringBootWebApplication in 5.223 seconds (JVM running for 6.336)
2017-07-24 07:06:50.635  INFO 8488 --- [qtp1896708863-26] summer.controller.LoginController        : [INFO] home called
2017-07-24 07:07:06.728  INFO 8488 --- [qtp1896708863-27] summer.controller.LoginController        : [INFO] home called
2017-07-24 07:07:14.515  INFO 8488 --- [qtp1896708863-26] summer.controller.LoginController        : [DBG] usr: hong
2017-07-24 07:07:23.998  INFO 8488 --- [qtp1896708863-21] summer.controller.LoginController        : [DBG] usr: admin
2017-07-24 07:08:56.330  INFO 8488 --- [RMI TCP Connection(13)-127.0.0.1] inMXBeanRegistrar$SpringApplicationAdmin : Application shutdown requested.
2017-07-24 07:08:56.330  INFO 8488 --- [RMI TCP Connection(13)-127.0.0.1] ationConfigEmbeddedWebApplicationContext : Closing org.springframework.boot.context.embedded.AnnotationConfigEmbeddedWebApplicationContext@4b168fa9: startup date [Mon Jul 24 07:05:57 JST 2017]; root of context hierarchy
2017-07-24 07:08:56.333  INFO 8488 --- [RMI TCP Connection(13)-127.0.0.1] o.s.c.support.DefaultLifecycleProcessor  : Stopping beans in phase 0
2017-07-24 07:08:56.337  INFO 8488 --- [RMI TCP Connection(13)-127.0.0.1] o.s.j.e.a.AnnotationMBeanExporter        : Unregistering JMX-exposed beans on shutdown
2017-07-24 07:08:56.346  INFO 8488 --- [RMI TCP Connection(13)-127.0.0.1] o.e.jetty.server.AbstractConnector       : Stopped ServerConnector@4b5a078a{HTTP/1.1,[http/1.1]}{0.0.0.0:8080}
2017-07-24 07:08:56.346  INFO 8488 --- [RMI TCP Connection(13)-127.0.0.1] org.eclipse.jetty.server.session         : Stopped scavenging
2017-07-24 07:08:56.350  INFO 8488 --- [RMI TCP Connection(13)-127.0.0.1] o.e.jetty.ContextHandler.application     : Destroying Spring FrameworkServlet 'dispatcherServlet'
2017-07-24 07:08:56.351  INFO 8488 --- [RMI TCP Connection(13)-127.0.0.1] o.e.jetty.server.handler.ContextHandler  : Stopped o.s.b.c.e.j.JettyEmbeddedWebAppContext@3e1624c7{/,[file:///C:/Users/pinku/AppData/Local/Temp/jetty-docbase.2481004426767440941.8080/],UNAVAILABLE}
2017-07-24 22:36:04.842  INFO 9108 --- [main] s.controller.SpringBootWebApplication    : Starting SpringBootWebApplication on pinku-pc with PID 9108 (C:\Users\pinku\eclipse-workspace\summertag\bin started by pinku in C:\Users\pinku\eclipse-workspace\summertag)
2017-07-24 22:36:04.849  INFO 9108 --- [main] s.controller.SpringBootWebApplication    : No active profile set, falling back to default profiles: default
2017-07-24 22:36:05.320  INFO 9108 --- [main] ationConfigEmbeddedWebApplicationContext : Refreshing org.springframework.boot.context.embedded.AnnotationConfigEmbeddedWebApplicationContext@4b168fa9: startup date [Mon Jul 24 22:36:05 JST 2017]; root of context hierarchy
2017-07-24 22:36:06.519  INFO 9108 --- [main] trationDelegate$BeanPostProcessorChecker : Bean 'org.springframework.transaction.annotation.ProxyTransactionManagementConfiguration' of type [org.springframework.transaction.annotation.ProxyTransactionManagementConfiguration$$EnhancerBySpringCGLIB$$a4747cef] is not eligible for getting processed by all BeanPostProcessors (for example: not eligible for auto-proxying)
2017-07-24 22:36:06.665  INFO 9108 --- [main] org.eclipse.jetty.util.log               : Logging initialized @3058ms to org.eclipse.jetty.util.log.Slf4jLog
2017-07-24 22:36:06.731  INFO 9108 --- [main] e.j.JettyEmbeddedServletContainerFactory : Server initialized with port: 8080
2017-07-24 22:36:06.732  INFO 9108 --- [main] org.eclipse.jetty.server.Server          : jetty-9.4.2.v20170220
2017-07-24 22:36:06.812  INFO 9108 --- [main] org.eclipse.jetty.server.session         : DefaultSessionIdManager workerName=node0
2017-07-24 22:36:06.812  INFO 9108 --- [main] org.eclipse.jetty.server.session         : No SessionScavenger set, using defaults
2017-07-24 22:36:06.814  INFO 9108 --- [main] org.eclipse.jetty.server.session         : Scavenging every 600000ms
2017-07-24 22:36:06.819  INFO 9108 --- [main] o.e.jetty.ContextHandler.application     : Initializing Spring embedded WebApplicationContext
2017-07-24 22:36:06.819  INFO 9108 --- [main] o.s.web.context.ContextLoader            : Root WebApplicationContext: initialization completed in 1501 ms
2017-07-24 22:36:06.980  INFO 9108 --- [main] o.s.b.w.servlet.ServletRegistrationBean  : Mapping servlet: 'dispatcherServlet' to [/]
2017-07-24 22:36:06.982  INFO 9108 --- [main] o.s.b.w.servlet.FilterRegistrationBean   : Mapping filter: 'metricsFilter' to: [/*]
2017-07-24 22:36:06.982  INFO 9108 --- [main] o.s.b.w.servlet.FilterRegistrationBean   : Mapping filter: 'characterEncodingFilter' to: [/*]
2017-07-24 22:36:06.982  INFO 9108 --- [main] o.s.b.w.servlet.FilterRegistrationBean   : Mapping filter: 'hiddenHttpMethodFilter' to: [/*]
2017-07-24 22:36:06.982  INFO 9108 --- [main] o.s.b.w.servlet.FilterRegistrationBean   : Mapping filter: 'httpPutFormContentFilter' to: [/*]
2017-07-24 22:36:06.982  INFO 9108 --- [main] o.s.b.w.servlet.FilterRegistrationBean   : Mapping filter: 'requestContextFilter' to: [/*]
2017-07-24 22:36:06.983  INFO 9108 --- [main] o.s.b.w.servlet.FilterRegistrationBean   : Mapping filter: 'webRequestLoggingFilter' to: [/*]
2017-07-24 22:36:06.983  INFO 9108 --- [main] o.s.b.w.servlet.FilterRegistrationBean   : Mapping filter: 'applicationContextIdFilter' to: [/*]
2017-07-24 22:36:07.228  INFO 9108 --- [main] o.e.jetty.server.handler.ContextHandler  : Started o.s.b.c.e.j.JettyEmbeddedWebAppContext@610df783{/,[file:///C:/Users/pinku/AppData/Local/Temp/jetty-docbase.9117010516727666392.8080/],AVAILABLE}
2017-07-24 22:36:07.228  INFO 9108 --- [main] org.eclipse.jetty.server.Server          : Started @3621ms
2017-07-24 22:36:07.261  INFO 9108 --- [main] o.s.j.d.DriverManagerDataSource          : Loaded JDBC driver: com.mysql.jdbc.Driver
2017-07-24 22:36:07.686  INFO 9108 --- [main] s.w.s.m.m.a.RequestMappingHandlerAdapter : Looking for @ControllerAdvice: org.springframework.boot.context.embedded.AnnotationConfigEmbeddedWebApplicationContext@4b168fa9: startup date [Mon Jul 24 22:36:05 JST 2017]; root of context hierarchy
2017-07-24 22:36:07.739  INFO 9108 --- [main] s.w.s.m.m.a.RequestMappingHandlerMapping : Mapped "{[/],methods=[GET]}" onto public java.lang.String summer.controller.LoginController.home(org.springframework.ui.Model,javax.servlet.http.HttpServletRequest,javax.servlet.http.HttpSession)
2017-07-24 22:36:07.740  INFO 9108 --- [main] s.w.s.m.m.a.RequestMappingHandlerMapping : Mapped "{[/login],methods=[POST]}" onto public java.lang.String summer.controller.LoginController.login(org.springframework.ui.Model,summer.formmodel.LoginForm,javax.servlet.http.HttpServletResponse,javax.servlet.http.HttpSession)
2017-07-24 22:36:07.740  INFO 9108 --- [main] s.w.s.m.m.a.RequestMappingHandlerMapping : Mapped "{[/mainpage],methods=[GET]}" onto public java.lang.String summer.controller.MainPageController.homemain(org.springframework.ui.Model,javax.servlet.http.HttpServletRequest,javax.servlet.http.HttpSession)
2017-07-24 22:36:07.742  INFO 9108 --- [main] s.w.s.m.m.a.RequestMappingHandlerMapping : Mapped "{[/error]}" onto public org.springframework.http.ResponseEntity<java.util.Map<java.lang.String, java.lang.Object>> org.springframework.boot.autoconfigure.web.BasicErrorController.error(javax.servlet.http.HttpServletRequest)
2017-07-24 22:36:07.743  INFO 9108 --- [main] s.w.s.m.m.a.RequestMappingHandlerMapping : Mapped "{[/error],produces=[text/html]}" onto public org.springframework.web.servlet.ModelAndView org.springframework.boot.autoconfigure.web.BasicErrorController.errorHtml(javax.servlet.http.HttpServletRequest,javax.servlet.http.HttpServletResponse)
2017-07-24 22:36:07.776  INFO 9108 --- [main] o.s.w.s.handler.SimpleUrlHandlerMapping  : Mapped URL path [/webjars/**] onto handler of type [class org.springframework.web.servlet.resource.ResourceHttpRequestHandler]
2017-07-24 22:36:07.776  INFO 9108 --- [main] o.s.w.s.handler.SimpleUrlHandlerMapping  : Mapped URL path [/**] onto handler of type [class org.springframework.web.servlet.resource.ResourceHttpRequestHandler]
2017-07-24 22:36:07.812  INFO 9108 --- [main] o.s.w.s.handler.SimpleUrlHandlerMapping  : Mapped URL path [/**/favicon.ico] onto handler of type [class org.springframework.web.servlet.resource.ResourceHttpRequestHandler]
2017-07-24 22:36:08.560  INFO 9108 --- [main] o.s.b.a.e.mvc.EndpointHandlerMapping     : Mapped "{[/env/{name:.*}],methods=[GET],produces=[application/vnd.spring-boot.actuator.v1+json || application/json]}" onto public java.lang.Object org.springframework.boot.actuate.endpoint.mvc.EnvironmentMvcEndpoint.value(java.lang.String)
2017-07-24 22:36:08.560  INFO 9108 --- [main] o.s.b.a.e.mvc.EndpointHandlerMapping     : Mapped "{[/env || /env.json],methods=[GET],produces=[application/vnd.spring-boot.actuator.v1+json || application/json]}" onto public java.lang.Object org.springframework.boot.actuate.endpoint.mvc.EndpointMvcAdapter.invoke()
2017-07-24 22:36:08.562  INFO 9108 --- [main] o.s.b.a.e.mvc.EndpointHandlerMapping     : Mapped "{[/loggers/{name:.*}],methods=[GET],produces=[application/vnd.spring-boot.actuator.v1+json || application/json]}" onto public java.lang.Object org.springframework.boot.actuate.endpoint.mvc.LoggersMvcEndpoint.get(java.lang.String)
2017-07-24 22:36:08.562  INFO 9108 --- [main] o.s.b.a.e.mvc.EndpointHandlerMapping     : Mapped "{[/loggers/{name:.*}],methods=[POST],consumes=[application/vnd.spring-boot.actuator.v1+json || application/json],produces=[application/vnd.spring-boot.actuator.v1+json || application/json]}" onto public java.lang.Object org.springframework.boot.actuate.endpoint.mvc.LoggersMvcEndpoint.set(java.lang.String,java.util.Map<java.lang.String, java.lang.String>)
2017-07-24 22:36:08.562  INFO 9108 --- [main] o.s.b.a.e.mvc.EndpointHandlerMapping     : Mapped "{[/loggers || /loggers.json],methods=[GET],produces=[application/vnd.spring-boot.actuator.v1+json || application/json]}" onto public java.lang.Object org.springframework.boot.actuate.endpoint.mvc.EndpointMvcAdapter.invoke()
2017-07-24 22:36:08.563  INFO 9108 --- [main] o.s.b.a.e.mvc.EndpointHandlerMapping     : Mapped "{[/autoconfig || /autoconfig.json],methods=[GET],produces=[application/vnd.spring-boot.actuator.v1+json || application/json]}" onto public java.lang.Object org.springframework.boot.actuate.endpoint.mvc.EndpointMvcAdapter.invoke()
2017-07-24 22:36:08.563  INFO 9108 --- [main] o.s.b.a.e.mvc.EndpointHandlerMapping     : Mapped "{[/dump || /dump.json],methods=[GET],produces=[application/vnd.spring-boot.actuator.v1+json || application/json]}" onto public java.lang.Object org.springframework.boot.actuate.endpoint.mvc.EndpointMvcAdapter.invoke()
2017-07-24 22:36:08.563  INFO 9108 --- [main] o.s.b.a.e.mvc.EndpointHandlerMapping     : Mapped "{[/auditevents || /auditevents.json],methods=[GET],produces=[application/vnd.spring-boot.actuator.v1+json || application/json]}" onto public org.springframework.http.ResponseEntity<?> org.springframework.boot.actuate.endpoint.mvc.AuditEventsMvcEndpoint.findByPrincipalAndAfterAndType(java.lang.String,java.util.Date,java.lang.String)
2017-07-24 22:36:08.564  INFO 9108 --- [main] o.s.b.a.e.mvc.EndpointHandlerMapping     : Mapped "{[/info || /info.json],methods=[GET],produces=[application/vnd.spring-boot.actuator.v1+json || application/json]}" onto public java.lang.Object org.springframework.boot.actuate.endpoint.mvc.EndpointMvcAdapter.invoke()
2017-07-24 22:36:08.564  INFO 9108 --- [main] o.s.b.a.e.mvc.EndpointHandlerMapping     : Mapped "{[/trace || /trace.json],methods=[GET],produces=[application/vnd.spring-boot.actuator.v1+json || application/json]}" onto public java.lang.Object org.springframework.boot.actuate.endpoint.mvc.EndpointMvcAdapter.invoke()
2017-07-24 22:36:08.566  INFO 9108 --- [main] o.s.b.a.e.mvc.EndpointHandlerMapping     : Mapped "{[/logfile || /logfile.json],methods=[GET || HEAD]}" onto public void org.springframework.boot.actuate.endpoint.mvc.LogFileMvcEndpoint.invoke(javax.servlet.http.HttpServletRequest,javax.servlet.http.HttpServletResponse) throws javax.servlet.ServletException,java.io.IOException
2017-07-24 22:36:08.567  INFO 9108 --- [main] o.s.b.a.e.mvc.EndpointHandlerMapping     : Mapped "{[/mappings || /mappings.json],methods=[GET],produces=[application/vnd.spring-boot.actuator.v1+json || application/json]}" onto public java.lang.Object org.springframework.boot.actuate.endpoint.mvc.EndpointMvcAdapter.invoke()
2017-07-24 22:36:08.568  INFO 9108 --- [main] o.s.b.a.e.mvc.EndpointHandlerMapping     : Mapped "{[/health || /health.json],methods=[GET],produces=[application/vnd.spring-boot.actuator.v1+json || application/json]}" onto public java.lang.Object org.springframework.boot.actuate.endpoint.mvc.HealthMvcEndpoint.invoke(javax.servlet.http.HttpServletRequest,java.security.Principal)
2017-07-24 22:36:08.569  INFO 9108 --- [main] o.s.b.a.e.mvc.EndpointHandlerMapping     : Mapped "{[/metrics/{name:.*}],methods=[GET],produces=[application/vnd.spring-boot.actuator.v1+json || application/json]}" onto public java.lang.Object org.springframework.boot.actuate.endpoint.mvc.MetricsMvcEndpoint.value(java.lang.String)
2017-07-24 22:36:08.569  INFO 9108 --- [main] o.s.b.a.e.mvc.EndpointHandlerMapping     : Mapped "{[/metrics || /metrics.json],methods=[GET],produces=[application/vnd.spring-boot.actuator.v1+json || application/json]}" onto public java.lang.Object org.springframework.boot.actuate.endpoint.mvc.EndpointMvcAdapter.invoke()
2017-07-24 22:36:08.569  INFO 9108 --- [main] o.s.b.a.e.mvc.EndpointHandlerMapping     : Mapped "{[/heapdump || /heapdump.json],methods=[GET],produces=[application/octet-stream]}" onto public void org.springframework.boot.actuate.endpoint.mvc.HeapdumpMvcEndpoint.invoke(boolean,javax.servlet.http.HttpServletRequest,javax.servlet.http.HttpServletResponse) throws java.io.IOException,javax.servlet.ServletException
2017-07-24 22:36:08.570  INFO 9108 --- [main] o.s.b.a.e.mvc.EndpointHandlerMapping     : Mapped "{[/configprops || /configprops.json],methods=[GET],produces=[application/vnd.spring-boot.actuator.v1+json || application/json]}" onto public java.lang.Object org.springframework.boot.actuate.endpoint.mvc.EndpointMvcAdapter.invoke()
2017-07-24 22:36:08.570  INFO 9108 --- [main] o.s.b.a.e.mvc.EndpointHandlerMapping     : Mapped "{[/beans || /beans.json],methods=[GET],produces=[application/vnd.spring-boot.actuator.v1+json || application/json]}" onto public java.lang.Object org.springframework.boot.actuate.endpoint.mvc.EndpointMvcAdapter.invoke()
2017-07-24 22:36:08.728  INFO 9108 --- [main] o.s.j.e.a.AnnotationMBeanExporter        : Registering beans for JMX exposure on startup
2017-07-24 22:36:08.740  INFO 9108 --- [main] o.s.c.support.DefaultLifecycleProcessor  : Starting beans in phase 0
2017-07-24 22:36:08.987  INFO 9108 --- [main] o.e.jetty.ContextHandler.application     : Initializing Spring FrameworkServlet 'dispatcherServlet'
2017-07-24 22:36:08.987  INFO 9108 --- [main] o.s.web.servlet.DispatcherServlet        : FrameworkServlet 'dispatcherServlet': initialization started
2017-07-24 22:36:08.998  INFO 9108 --- [main] o.s.web.servlet.DispatcherServlet        : FrameworkServlet 'dispatcherServlet': initialization completed in 11 ms
2017-07-24 22:36:09.012  INFO 9108 --- [main] o.e.jetty.server.AbstractConnector       : Started ServerConnector@2ae86287{HTTP/1.1,[http/1.1]}{0.0.0.0:8080}
2017-07-24 22:36:09.014  INFO 9108 --- [main] .s.b.c.e.j.JettyEmbeddedServletContainer : Jetty started on port(s) 8080 (http/1.1)
2017-07-24 22:36:09.019  INFO 9108 --- [main] s.controller.SpringBootWebApplication    : Started SpringBootWebApplication in 4.437 seconds (JVM running for 5.413)
2017-07-24 22:36:25.905  INFO 9108 --- [RMI TCP Connection(2)-127.0.0.1] inMXBeanRegistrar$SpringApplicationAdmin : Application shutdown requested.
2017-07-24 22:36:25.906  INFO 9108 --- [RMI TCP Connection(2)-127.0.0.1] ationConfigEmbeddedWebApplicationContext : Closing org.springframework.boot.context.embedded.AnnotationConfigEmbeddedWebApplicationContext@4b168fa9: startup date [Mon Jul 24 22:36:05 JST 2017]; root of context hierarchy
2017-07-24 22:36:25.908  INFO 9108 --- [RMI TCP Connection(2)-127.0.0.1] o.s.c.support.DefaultLifecycleProcessor  : Stopping beans in phase 0
2017-07-24 22:36:25.911  INFO 9108 --- [RMI TCP Connection(2)-127.0.0.1] o.s.j.e.a.AnnotationMBeanExporter        : Unregistering JMX-exposed beans on shutdown
2017-07-24 22:36:25.921  INFO 9108 --- [RMI TCP Connection(2)-127.0.0.1] o.e.jetty.server.AbstractConnector       : Stopped ServerConnector@2ae86287{HTTP/1.1,[http/1.1]}{0.0.0.0:8080}
2017-07-24 22:36:25.922  INFO 9108 --- [RMI TCP Connection(2)-127.0.0.1] org.eclipse.jetty.server.session         : Stopped scavenging
2017-07-24 22:36:25.928  INFO 9108 --- [RMI TCP Connection(2)-127.0.0.1] o.e.jetty.ContextHandler.application     : Destroying Spring FrameworkServlet 'dispatcherServlet'
2017-07-24 22:36:25.929  INFO 9108 --- [RMI TCP Connection(2)-127.0.0.1] o.e.jetty.server.handler.ContextHandler  : Stopped o.s.b.c.e.j.JettyEmbeddedWebAppContext@610df783{/,[file:///C:/Users/pinku/AppData/Local/Temp/jetty-docbase.9117010516727666392.8080/],UNAVAILABLE}
